#! /c/Source/iverilog-install/bin/vvp
:ivl_version "12.0 (devel)" "(s20150603-1539-g2693dd32b)";
:ivl_delay_selection "TYPICAL";
:vpi_time_precision + 0;
:vpi_module "C:\iverilog\lib\ivl\system.vpi";
:vpi_module "C:\iverilog\lib\ivl\vhdl_sys.vpi";
:vpi_module "C:\iverilog\lib\ivl\vhdl_textio.vpi";
:vpi_module "C:\iverilog\lib\ivl\v2005_math.vpi";
:vpi_module "C:\iverilog\lib\ivl\va_math.vpi";
S_0000018f327fa810 .scope module, "siso_4bit_tb" "siso_4bit_tb" 2 1;
 .timescale 0 0;
P_0000018f326d8fc0 .param/l "WIDTH" 0 2 2, +C4<00000000000000000000000000000100>;
v0000018f326a2a10_0 .var "clk", 0 0;
v0000018f326a2ab0_0 .var "data_in", 0 0;
v0000018f326a2b50_0 .net "data_out", 3 0, v0000018f327fada0_0;  1 drivers
v0000018f326a2bf0_0 .var "enable", 0 0;
v0000018f326a2c90_0 .var "reset", 0 0;
v0000018f326a2d30_0 .var "set_all_ones", 0 0;
S_0000018f327fab70 .scope module, "dut" "siso_4bit" 2 11, 3 1 0, S_0000018f327fa810;
 .timescale 0 0;
    .port_info 0 /INPUT 1 "clk";
    .port_info 1 /INPUT 1 "reset";
    .port_info 2 /INPUT 1 "data_in";
    .port_info 3 /INPUT 1 "enable";
    .port_info 4 /INPUT 1 "set_all_ones";
    .port_info 5 /OUTPUT 4 "data_out";
P_0000018f326d8ac0 .param/l "WIDTH" 0 3 1, +C4<00000000000000000000000000000100>;
v0000018f326a3160_0 .net "clk", 0 0, v0000018f326a2a10_0;  1 drivers
v0000018f327fad00_0 .net "data_in", 0 0, v0000018f326a2ab0_0;  1 drivers
v0000018f327fada0_0 .var "data_out", 3 0;
v0000018f327fae40_0 .net "enable", 0 0, v0000018f326a2bf0_0;  1 drivers
v0000018f327faee0_0 .net "reset", 0 0, v0000018f326a2c90_0;  1 drivers
v0000018f326a2970_0 .net "set_all_ones", 0 0, v0000018f326a2d30_0;  1 drivers
E_0000018f326d91c0 .event posedge, v0000018f327faee0_0, v0000018f326a3160_0;
    .scope S_0000018f327fab70;
T_0 ;
    %wait E_0000018f326d91c0;
    %load/vec4 v0000018f327faee0_0;
    %flag_set/vec4 8;
    %jmp/0xz  T_0.0, 8;
    %pushi/vec4 0, 0, 4;
    %assign/vec4 v0000018f327fada0_0, 0;
    %jmp T_0.1;
T_0.0 ;
    %load/vec4 v0000018f327fae40_0;
    %flag_set/vec4 8;
    %jmp/0xz  T_0.2, 8;
    %load/vec4 v0000018f326a2970_0;
    %flag_set/vec4 8;
    %jmp/0xz  T_0.4, 8;
    %pushi/vec4 15, 0, 4;
    %assign/vec4 v0000018f327fada0_0, 0;
    %jmp T_0.5;
T_0.4 ;
    %load/vec4 v0000018f327fada0_0;
    %parti/s 3, 0, 2;
    %load/vec4 v0000018f327fad00_0;
    %concat/vec4; draw_concat_vec4
    %assign/vec4 v0000018f327fada0_0, 0;
T_0.5 ;
T_0.2 ;
T_0.1 ;
    %jmp T_0;
    .thread T_0;
    .scope S_0000018f327fa810;
T_1 ;
    %delay 5, 0;
    %load/vec4 v0000018f326a2a10_0;
    %inv;
    %store/vec4 v0000018f326a2a10_0, 0, 1;
    %jmp T_1;
    .thread T_1;
    .scope S_0000018f327fa810;
T_2 ;
    %pushi/vec4 0, 0, 1;
    %store/vec4 v0000018f326a2a10_0, 0, 1;
    %pushi/vec4 1, 0, 1;
    %store/vec4 v0000018f326a2c90_0, 0, 1;
    %pushi/vec4 0, 0, 1;
    %store/vec4 v0000018f326a2ab0_0, 0, 1;
    %pushi/vec4 0, 0, 1;
    %store/vec4 v0000018f326a2bf0_0, 0, 1;
    %pushi/vec4 0, 0, 1;
    %store/vec4 v0000018f326a2d30_0, 0, 1;
    %delay 10, 0;
    %pushi/vec4 0, 0, 1;
    %store/vec4 v0000018f326a2c90_0, 0, 1;
    %delay 10, 0;
    %pushi/vec4 1, 0, 1;
    %store/vec4 v0000018f326a2bf0_0, 0, 1;
    %delay 10, 0;
    %pushi/vec4 1, 0, 1;
    %store/vec4 v0000018f326a2ab0_0, 0, 1;
    %delay 10, 0;
    %pushi/vec4 0, 0, 1;
    %store/vec4 v0000018f326a2ab0_0, 0, 1;
    %delay 10, 0;
    %pushi/vec4 1, 0, 1;
    %store/vec4 v0000018f326a2ab0_0, 0, 1;
    %delay 10, 0;
    %pushi/vec4 1, 0, 1;
    %store/vec4 v0000018f326a2d30_0, 0, 1;
    %delay 10, 0;
    %pushi/vec4 0, 0, 1;
    %store/vec4 v0000018f326a2d30_0, 0, 1;
    %delay 10, 0;
    %pushi/vec4 0, 0, 1;
    %store/vec4 v0000018f326a2bf0_0, 0, 1;
    %delay 10, 0;
    %vpi_call 2 42 "$finish" {0 0 0};
    %end;
    .thread T_2;
    .scope S_0000018f327fa810;
T_3 ;
    %vpi_call 2 46 "$dumpfile", "dump.vcd" {0 0 0};
    %vpi_call 2 47 "$dumpvars", 32'sb00000000000000000000000000000000, S_0000018f327fa810 {0 0 0};
    %vpi_call 2 48 "$monitor", $time, "data_out = %b", v0000018f326a2b50_0 {0 0 0};
    %end;
    .thread T_3;
# The file index is used to find the file name in the following table.
:file_names 4;
    "N/A";
    "<interactive>";
    "..\SISO_tb.v";
    "..\SISO.v";
