#! /c/Source/iverilog-install/bin/vvp
:ivl_version "12.0 (devel)" "(s20150603-1539-g2693dd32b)";
:ivl_delay_selection "TYPICAL";
:vpi_time_precision - 9;
:vpi_module "C:\iverilog\lib\ivl\system.vpi";
:vpi_module "C:\iverilog\lib\ivl\vhdl_sys.vpi";
:vpi_module "C:\iverilog\lib\ivl\vhdl_textio.vpi";
:vpi_module "C:\iverilog\lib\ivl\v2005_math.vpi";
:vpi_module "C:\iverilog\lib\ivl\va_math.vpi";
S_0000023bc089b0c0 .scope module, "testbench" "testbench" 2 4;
 .timescale -9 -9;
L_0000023bc08915b0 .functor BUFZ 4, v0000023bc0891940_0, C4<0000>, C4<0000>, C4<0000>;
L_0000023bc0890cf0 .functor BUFZ 8, v0000023bc0892700_0, C4<00000000>, C4<00000000>, C4<00000000>;
L_0000023bc0890d60 .functor BUFZ 8, v0000023bc0893560_0, C4<00000000>, C4<00000000>, C4<00000000>;
L_0000023bc0890ac0 .functor BUFZ 4, v0000023bc0891bc0_0, C4<0000>, C4<0000>, C4<0000>;
L_0000023bc0890c10 .functor BUFZ 4, v0000023bc08936a0_0, C4<0000>, C4<0000>, C4<0000>;
v0000023bc08f4b20_0 .var "DC", 1 0;
v0000023bc08f4e40_0 .net "HEX0", 7 0, L_0000023bc08f5b60;  1 drivers
v0000023bc08f5520_0 .net "HEX1", 7 0, L_0000023bc08f4580;  1 drivers
v0000023bc08f5e80_0 .net "HEX2", 7 0, L_0000023bc08f46c0;  1 drivers
v0000023bc08f4080_0 .net "HEX3", 7 0, L_0000023bc08f4760;  1 drivers
v0000023bc08f4f80_0 .net "HEX4", 7 0, L_0000023bc08f5c00;  1 drivers
v0000023bc08f5200_0 .net "HEX5", 7 0, L_0000023bc08f5ca0;  1 drivers
v0000023bc08f5ac0_0 .var "SW", 7 0;
v0000023bc08f4940_0 .var "clk", 0 0;
v0000023bc08f5700_0 .net "data_in_reg", 7 0, L_0000023bc0890cf0;  1 drivers
v0000023bc08f4bc0_0 .net "data_out", 7 0, L_0000023bc0890d60;  1 drivers
v0000023bc08f52a0_0 .net "read_addr_reg", 3 0, L_0000023bc0890ac0;  1 drivers
v0000023bc08f4ee0_0 .var "rst_n", 0 0;
v0000023bc08f5d40_0 .net "w_we", 3 0, L_0000023bc08915b0;  1 drivers
v0000023bc08f4120_0 .net "write_addr_reg", 3 0, L_0000023bc0890c10;  1 drivers
L_0000023bc08f8500 .concat [ 8 2 0 0], v0000023bc08f5ac0_0, v0000023bc08f4b20_0;
S_0000023bc089b250 .scope module, "dut" "lab7_5" 2 26, 3 104 0, S_0000023bc089b0c0;
 .timescale -9 -9;
    .port_info 0 /INPUT 1 "clk";
    .port_info 1 /INPUT 1 "rst_n";
    .port_info 2 /INPUT 10 "SW";
    .port_info 3 /OUTPUT 8 "HEX0";
    .port_info 4 /OUTPUT 8 "HEX1";
    .port_info 5 /OUTPUT 8 "HEX2";
    .port_info 6 /OUTPUT 8 "HEX3";
    .port_info 7 /OUTPUT 8 "HEX4";
    .port_info 8 /OUTPUT 8 "HEX5";
P_0000023bc0865480 .param/l "ADDR_WIDTH" 0 3 107, +C4<00000000000000000000000000000100>;
P_0000023bc08654b8 .param/l "DATA_WIDTH" 0 3 106, +C4<00000000000000000000000000001000>;
L_0000023bc0891460 .functor NOT 1, L_0000023bc08f41c0, C4<0>, C4<0>, C4<0>;
L_0000023bc0890a50 .functor NOT 1, L_0000023bc08f57a0, C4<0>, C4<0>, C4<0>;
L_0000023bc08914d0 .functor NOT 1, L_0000023bc08f5660, C4<0>, C4<0>, C4<0>;
L_0000023bc0890e40 .functor NOT 1, L_0000023bc08f5160, C4<0>, C4<0>, C4<0>;
L_0000023bc0891070 .functor NOT 1, L_0000023bc08f44e0, C4<0>, C4<0>, C4<0>;
L_0000023bc0890900 .functor NOT 1, L_0000023bc08f5840, C4<0>, C4<0>, C4<0>;
v0000023bc0891ee0_0 .net "HEX0", 7 0, L_0000023bc08f5b60;  alias, 1 drivers
v0000023bc0892160_0 .net "HEX1", 7 0, L_0000023bc08f4580;  alias, 1 drivers
v0000023bc0891f80_0 .net "HEX2", 7 0, L_0000023bc08f46c0;  alias, 1 drivers
v0000023bc08928e0_0 .net "HEX3", 7 0, L_0000023bc08f4760;  alias, 1 drivers
v0000023bc0892ac0_0 .net "HEX4", 7 0, L_0000023bc08f5c00;  alias, 1 drivers
v0000023bc08918a0_0 .net "HEX5", 7 0, L_0000023bc08f5ca0;  alias, 1 drivers
v0000023bc0892c00_0 .net "SW", 9 0, L_0000023bc08f8500;  1 drivers
v0000023bc0892fc0_0 .net *"_ivl_11", 0 0, L_0000023bc08f57a0;  1 drivers
v0000023bc0893060_0 .net *"_ivl_12", 0 0, L_0000023bc0890a50;  1 drivers
v0000023bc0860990_0 .net *"_ivl_17", 0 0, L_0000023bc08f5660;  1 drivers
v0000023bc08603f0_0 .net *"_ivl_18", 0 0, L_0000023bc08914d0;  1 drivers
v0000023bc0860ad0_0 .net *"_ivl_23", 0 0, L_0000023bc08f5160;  1 drivers
v0000023bc0860530_0 .net *"_ivl_24", 0 0, L_0000023bc0890e40;  1 drivers
v0000023bc0860b70_0 .net *"_ivl_29", 0 0, L_0000023bc08f44e0;  1 drivers
v0000023bc08f5020_0 .net *"_ivl_30", 0 0, L_0000023bc0891070;  1 drivers
v0000023bc08f5de0_0 .net *"_ivl_35", 0 0, L_0000023bc08f5840;  1 drivers
v0000023bc08f4d00_0 .net *"_ivl_36", 0 0, L_0000023bc0890900;  1 drivers
v0000023bc08f49e0_0 .net *"_ivl_5", 0 0, L_0000023bc08f41c0;  1 drivers
v0000023bc08f48a0_0 .net *"_ivl_6", 0 0, L_0000023bc0891460;  1 drivers
v0000023bc08f50c0_0 .net "clk", 0 0, v0000023bc08f4940_0;  1 drivers
v0000023bc08f55c0_0 .net "data_in_reg", 7 0, v0000023bc0892700_0;  1 drivers
v0000023bc08f5f20_0 .net "data_out", 7 0, v0000023bc0893560_0;  1 drivers
v0000023bc08f4800_0 .net "read_addr_reg", 3 0, v0000023bc0891bc0_0;  1 drivers
v0000023bc08f4c60_0 .net "rst_n", 0 0, v0000023bc08f4ee0_0;  1 drivers
v0000023bc08f4da0_0 .net "w_we", 3 0, v0000023bc0891940_0;  1 drivers
v0000023bc08f4a80_0 .net "write_addr_reg", 3 0, v0000023bc08936a0_0;  1 drivers
L_0000023bc08f5340 .part L_0000023bc08f8500, 8, 2;
L_0000023bc08f41c0 .part v0000023bc0891940_0, 0, 1;
L_0000023bc08f57a0 .part v0000023bc0891940_0, 0, 1;
L_0000023bc08f5660 .part v0000023bc0891940_0, 3, 1;
L_0000023bc08f5160 .part v0000023bc0891940_0, 3, 1;
L_0000023bc08f44e0 .part v0000023bc0891940_0, 1, 1;
L_0000023bc08f5840 .part v0000023bc0891940_0, 2, 1;
L_0000023bc08f53e0 .part v0000023bc0891940_0, 0, 1;
L_0000023bc08f43a0 .part L_0000023bc08f8500, 0, 8;
L_0000023bc08f5480 .part v0000023bc0891940_0, 1, 1;
L_0000023bc08f4260 .part L_0000023bc08f8500, 0, 4;
L_0000023bc08f4300 .part v0000023bc0891940_0, 2, 1;
L_0000023bc08f58e0 .part L_0000023bc08f8500, 0, 4;
L_0000023bc08f5980 .part v0000023bc0892700_0, 0, 4;
L_0000023bc08f5b60 .concat8 [ 7 1 0 0], v0000023bc0892840_0, L_0000023bc0891460;
L_0000023bc08f5a20 .part v0000023bc0892700_0, 4, 4;
L_0000023bc08f4580 .concat8 [ 7 1 0 0], v0000023bc0891b20_0, L_0000023bc0890a50;
L_0000023bc08f4440 .part v0000023bc0893560_0, 0, 4;
L_0000023bc08f46c0 .concat8 [ 7 1 0 0], v0000023bc0892200_0, L_0000023bc08914d0;
L_0000023bc08f4620 .part v0000023bc0893560_0, 4, 4;
L_0000023bc08f4760 .concat8 [ 7 1 0 0], v0000023bc0893100_0, L_0000023bc0890e40;
L_0000023bc08f5c00 .concat8 [ 7 1 0 0], v0000023bc0892020_0, L_0000023bc0891070;
L_0000023bc08f5ca0 .concat8 [ 7 1 0 0], v0000023bc0892ca0_0, L_0000023bc0890900;
L_0000023bc08f9d60 .part v0000023bc0891940_0, 3, 1;
S_0000023bc0874120 .scope module, "dc2in4" "dc2" 3 127, 3 44 0, S_0000023bc089b250;
 .timescale -9 -9;
    .port_info 0 /INPUT 2 "a";
    .port_info 1 /OUTPUT 4 "dc_out";
v0000023bc0891c60_0 .net "a", 1 0, L_0000023bc08f5340;  1 drivers
v0000023bc0891940_0 .var "dc_out", 3 0;
E_0000023bc0898e00 .event anyedge, v0000023bc0891c60_0;
S_0000023bc08742b0 .scope module, "dual_port_RAM" "dual_port_RAM" 3 147, 3 78 0, S_0000023bc089b250;
 .timescale -9 -9;
    .port_info 0 /INPUT 1 "we";
    .port_info 1 /INPUT 1 "clk";
    .port_info 2 /INPUT 8 "data_in";
    .port_info 3 /INPUT 4 "read_addr";
    .port_info 4 /INPUT 4 "write_addr";
    .port_info 5 /OUTPUT 8 "data_out";
P_0000023bc08330f0 .param/l "ADDR_WIDTH" 0 3 79, +C4<00000000000000000000000000000100>;
P_0000023bc0833128 .param/l "DATA_WIDTH" 0 3 79, +C4<00000000000000000000000000001000>;
v0000023bc0892340_0 .net "clk", 0 0, v0000023bc08f4940_0;  alias, 1 drivers
v0000023bc0891d00_0 .net "data_in", 7 0, v0000023bc0892700_0;  alias, 1 drivers
v0000023bc0893560_0 .var "data_out", 7 0;
v0000023bc0893380 .array "dp_ram", 15 0, 7 0;
v0000023bc0891da0_0 .net "read_addr", 3 0, v0000023bc0891bc0_0;  alias, 1 drivers
v0000023bc0893420_0 .net "we", 0 0, L_0000023bc08f9d60;  1 drivers
v0000023bc0893600_0 .net "write_addr", 3 0, v0000023bc08936a0_0;  alias, 1 drivers
E_0000023bc0899c40 .event posedge, v0000023bc0892340_0;
S_0000023bc0879640 .scope module, "hexto7segment_data_in0" "hexto7segment" 3 140, 3 1 0, S_0000023bc089b250;
 .timescale -9 -9;
    .port_info 0 /INPUT 4 "in_hex";
    .port_info 1 /OUTPUT 7 "out_7seg";
v0000023bc0892980_0 .net "in_hex", 3 0, L_0000023bc08f5980;  1 drivers
v0000023bc0892840_0 .var "out_7seg", 6 0;
E_0000023bc0898dc0 .event anyedge, v0000023bc0892980_0;
S_0000023bc08797d0 .scope module, "hexto7segment_data_in1" "hexto7segment" 3 141, 3 1 0, S_0000023bc089b250;
 .timescale -9 -9;
    .port_info 0 /INPUT 4 "in_hex";
    .port_info 1 /OUTPUT 7 "out_7seg";
v0000023bc08923e0_0 .net "in_hex", 3 0, L_0000023bc08f5a20;  1 drivers
v0000023bc0891b20_0 .var "out_7seg", 6 0;
E_0000023bc0899200 .event anyedge, v0000023bc08923e0_0;
S_0000023bc086ccf0 .scope module, "hexto7segment_data_out0" "hexto7segment" 3 142, 3 1 0, S_0000023bc089b250;
 .timescale -9 -9;
    .port_info 0 /INPUT 4 "in_hex";
    .port_info 1 /OUTPUT 7 "out_7seg";
v0000023bc08925c0_0 .net "in_hex", 3 0, L_0000023bc08f4440;  1 drivers
v0000023bc0892200_0 .var "out_7seg", 6 0;
E_0000023bc08991c0 .event anyedge, v0000023bc08925c0_0;
S_0000023bc086ce80 .scope module, "hexto7segment_data_out1" "hexto7segment" 3 143, 3 1 0, S_0000023bc089b250;
 .timescale -9 -9;
    .port_info 0 /INPUT 4 "in_hex";
    .port_info 1 /OUTPUT 7 "out_7seg";
v0000023bc0892480_0 .net "in_hex", 3 0, L_0000023bc08f4620;  1 drivers
v0000023bc0893100_0 .var "out_7seg", 6 0;
E_0000023bc0898e80 .event anyedge, v0000023bc0892480_0;
S_0000023bc0876640 .scope module, "hexto7segment_read_addr" "hexto7segment" 3 144, 3 1 0, S_0000023bc089b250;
 .timescale -9 -9;
    .port_info 0 /INPUT 4 "in_hex";
    .port_info 1 /OUTPUT 7 "out_7seg";
v0000023bc0891e40_0 .net "in_hex", 3 0, v0000023bc0891bc0_0;  alias, 1 drivers
v0000023bc0892020_0 .var "out_7seg", 6 0;
E_0000023bc08998c0 .event anyedge, v0000023bc0891da0_0;
S_0000023bc08767d0 .scope module, "hexto7segment_write_addr" "hexto7segment" 3 145, 3 1 0, S_0000023bc089b250;
 .timescale -9 -9;
    .port_info 0 /INPUT 4 "in_hex";
    .port_info 1 /OUTPUT 7 "out_7seg";
v0000023bc0892d40_0 .net "in_hex", 3 0, v0000023bc08936a0_0;  alias, 1 drivers
v0000023bc0892ca0_0 .var "out_7seg", 6 0;
E_0000023bc0899c00 .event anyedge, v0000023bc0893600_0;
S_0000023bc08703f0 .scope module, "register_data_in" "register" 3 136, 3 60 0, S_0000023bc089b250;
 .timescale -9 -9;
    .port_info 0 /INPUT 1 "ena";
    .port_info 1 /INPUT 1 "clk";
    .port_info 2 /INPUT 1 "rst_n";
    .port_info 3 /INPUT 8 "d";
    .port_info 4 /OUTPUT 8 "q";
P_0000023bc0899880 .param/l "SIZE" 0 3 62, +C4<00000000000000000000000000001000>;
v0000023bc0892b60_0 .net "clk", 0 0, v0000023bc08f4940_0;  alias, 1 drivers
v0000023bc0892520_0 .net "d", 7 0, L_0000023bc08f43a0;  1 drivers
v0000023bc0892660_0 .net "ena", 0 0, L_0000023bc08f53e0;  1 drivers
v0000023bc0892700_0 .var "q", 7 0;
v0000023bc0892e80_0 .net "rst_n", 0 0, v0000023bc08f4ee0_0;  alias, 1 drivers
E_0000023bc0899080/0 .event negedge, v0000023bc0892e80_0;
E_0000023bc0899080/1 .event posedge, v0000023bc0892340_0;
E_0000023bc0899080 .event/or E_0000023bc0899080/0, E_0000023bc0899080/1;
S_0000023bc0870580 .scope module, "register_read_addr" "register" 3 137, 3 60 0, S_0000023bc089b250;
 .timescale -9 -9;
    .port_info 0 /INPUT 1 "ena";
    .port_info 1 /INPUT 1 "clk";
    .port_info 2 /INPUT 1 "rst_n";
    .port_info 3 /INPUT 4 "d";
    .port_info 4 /OUTPUT 4 "q";
P_0000023bc0899780 .param/l "SIZE" 0 3 62, +C4<00000000000000000000000000000100>;
v0000023bc08934c0_0 .net "clk", 0 0, v0000023bc08f4940_0;  alias, 1 drivers
v0000023bc08920c0_0 .net "d", 3 0, L_0000023bc08f4260;  1 drivers
v0000023bc0893240_0 .net "ena", 0 0, L_0000023bc08f5480;  1 drivers
v0000023bc0891bc0_0 .var "q", 3 0;
v0000023bc0892de0_0 .net "rst_n", 0 0, v0000023bc08f4ee0_0;  alias, 1 drivers
S_0000023bc0832a40 .scope module, "register_write_addr" "register" 3 138, 3 60 0, S_0000023bc089b250;
 .timescale -9 -9;
    .port_info 0 /INPUT 1 "ena";
    .port_info 1 /INPUT 1 "clk";
    .port_info 2 /INPUT 1 "rst_n";
    .port_info 3 /INPUT 4 "d";
    .port_info 4 /OUTPUT 4 "q";
P_0000023bc0898ec0 .param/l "SIZE" 0 3 62, +C4<00000000000000000000000000000100>;
v0000023bc0892f20_0 .net "clk", 0 0, v0000023bc08f4940_0;  alias, 1 drivers
v0000023bc08931a0_0 .net "d", 3 0, L_0000023bc08f58e0;  1 drivers
v0000023bc08927a0_0 .net "ena", 0 0, L_0000023bc08f4300;  1 drivers
v0000023bc08936a0_0 .var "q", 3 0;
v0000023bc0893740_0 .net "rst_n", 0 0, v0000023bc08f4ee0_0;  alias, 1 drivers
    .scope S_0000023bc0874120;
T_0 ;
    %wait E_0000023bc0898e00;
    %load/vec4 v0000023bc0891c60_0;
    %dup/vec4;
    %pushi/vec4 0, 0, 2;
    %cmp/u;
    %jmp/1 T_0.0, 6;
    %dup/vec4;
    %pushi/vec4 1, 0, 2;
    %cmp/u;
    %jmp/1 T_0.1, 6;
    %dup/vec4;
    %pushi/vec4 2, 0, 2;
    %cmp/u;
    %jmp/1 T_0.2, 6;
    %dup/vec4;
    %pushi/vec4 3, 0, 2;
    %cmp/u;
    %jmp/1 T_0.3, 6;
    %jmp T_0.4;
T_0.0 ;
    %pushi/vec4 1, 0, 4;
    %store/vec4 v0000023bc0891940_0, 0, 4;
    %jmp T_0.4;
T_0.1 ;
    %pushi/vec4 2, 0, 4;
    %store/vec4 v0000023bc0891940_0, 0, 4;
    %jmp T_0.4;
T_0.2 ;
    %pushi/vec4 4, 0, 4;
    %store/vec4 v0000023bc0891940_0, 0, 4;
    %jmp T_0.4;
T_0.3 ;
    %pushi/vec4 8, 0, 4;
    %store/vec4 v0000023bc0891940_0, 0, 4;
    %jmp T_0.4;
T_0.4 ;
    %pop/vec4 1;
    %jmp T_0;
    .thread T_0, $push;
    .scope S_0000023bc08703f0;
T_1 ;
    %wait E_0000023bc0899080;
    %load/vec4 v0000023bc0892e80_0;
    %nor/r;
    %flag_set/vec4 8;
    %jmp/0xz  T_1.0, 8;
    %pushi/vec4 0, 0, 8;
    %assign/vec4 v0000023bc0892700_0, 0;
    %jmp T_1.1;
T_1.0 ;
    %load/vec4 v0000023bc0892660_0;
    %flag_set/vec4 8;
    %jmp/0xz  T_1.2, 8;
    %load/vec4 v0000023bc0892520_0;
    %assign/vec4 v0000023bc0892700_0, 0;
T_1.2 ;
T_1.1 ;
    %jmp T_1;
    .thread T_1;
    .scope S_0000023bc0870580;
T_2 ;
    %wait E_0000023bc0899080;
    %load/vec4 v0000023bc0892de0_0;
    %nor/r;
    %flag_set/vec4 8;
    %jmp/0xz  T_2.0, 8;
    %pushi/vec4 0, 0, 4;
    %assign/vec4 v0000023bc0891bc0_0, 0;
    %jmp T_2.1;
T_2.0 ;
    %load/vec4 v0000023bc0893240_0;
    %flag_set/vec4 8;
    %jmp/0xz  T_2.2, 8;
    %load/vec4 v0000023bc08920c0_0;
    %assign/vec4 v0000023bc0891bc0_0, 0;
T_2.2 ;
T_2.1 ;
    %jmp T_2;
    .thread T_2;
    .scope S_0000023bc0832a40;
T_3 ;
    %wait E_0000023bc0899080;
    %load/vec4 v0000023bc0893740_0;
    %nor/r;
    %flag_set/vec4 8;
    %jmp/0xz  T_3.0, 8;
    %pushi/vec4 0, 0, 4;
    %assign/vec4 v0000023bc08936a0_0, 0;
    %jmp T_3.1;
T_3.0 ;
    %load/vec4 v0000023bc08927a0_0;
    %flag_set/vec4 8;
    %jmp/0xz  T_3.2, 8;
    %load/vec4 v0000023bc08931a0_0;
    %assign/vec4 v0000023bc08936a0_0, 0;
T_3.2 ;
T_3.1 ;
    %jmp T_3;
    .thread T_3;
    .scope S_0000023bc0879640;
T_4 ;
    %wait E_0000023bc0898dc0;
    %load/vec4 v0000023bc0892980_0;
    %dup/vec4;
    %pushi/vec4 0, 0, 4;
    %cmp/u;
    %jmp/1 T_4.0, 6;
    %dup/vec4;
    %pushi/vec4 1, 0, 4;
    %cmp/u;
    %jmp/1 T_4.1, 6;
    %dup/vec4;
    %pushi/vec4 2, 0, 4;
    %cmp/u;
    %jmp/1 T_4.2, 6;
    %dup/vec4;
    %pushi/vec4 3, 0, 4;
    %cmp/u;
    %jmp/1 T_4.3, 6;
    %dup/vec4;
    %pushi/vec4 4, 0, 4;
    %cmp/u;
    %jmp/1 T_4.4, 6;
    %dup/vec4;
    %pushi/vec4 5, 0, 4;
    %cmp/u;
    %jmp/1 T_4.5, 6;
    %dup/vec4;
    %pushi/vec4 6, 0, 4;
    %cmp/u;
    %jmp/1 T_4.6, 6;
    %dup/vec4;
    %pushi/vec4 7, 0, 4;
    %cmp/u;
    %jmp/1 T_4.7, 6;
    %dup/vec4;
    %pushi/vec4 8, 0, 4;
    %cmp/u;
    %jmp/1 T_4.8, 6;
    %dup/vec4;
    %pushi/vec4 9, 0, 4;
    %cmp/u;
    %jmp/1 T_4.9, 6;
    %dup/vec4;
    %pushi/vec4 10, 0, 4;
    %cmp/u;
    %jmp/1 T_4.10, 6;
    %dup/vec4;
    %pushi/vec4 11, 0, 4;
    %cmp/u;
    %jmp/1 T_4.11, 6;
    %dup/vec4;
    %pushi/vec4 12, 0, 4;
    %cmp/u;
    %jmp/1 T_4.12, 6;
    %dup/vec4;
    %pushi/vec4 13, 0, 4;
    %cmp/u;
    %jmp/1 T_4.13, 6;
    %dup/vec4;
    %pushi/vec4 14, 0, 4;
    %cmp/u;
    %jmp/1 T_4.14, 6;
    %dup/vec4;
    %pushi/vec4 15, 0, 4;
    %cmp/u;
    %jmp/1 T_4.15, 6;
    %jmp T_4.16;
T_4.0 ;
    %pushi/vec4 64, 0, 7;
    %store/vec4 v0000023bc0892840_0, 0, 7;
    %jmp T_4.16;
T_4.1 ;
    %pushi/vec4 121, 0, 7;
    %store/vec4 v0000023bc0892840_0, 0, 7;
    %jmp T_4.16;
T_4.2 ;
    %pushi/vec4 36, 0, 7;
    %store/vec4 v0000023bc0892840_0, 0, 7;
    %jmp T_4.16;
T_4.3 ;
    %pushi/vec4 48, 0, 7;
    %store/vec4 v0000023bc0892840_0, 0, 7;
    %jmp T_4.16;
T_4.4 ;
    %pushi/vec4 25, 0, 7;
    %store/vec4 v0000023bc0892840_0, 0, 7;
    %jmp T_4.16;
T_4.5 ;
    %pushi/vec4 18, 0, 7;
    %store/vec4 v0000023bc0892840_0, 0, 7;
    %jmp T_4.16;
T_4.6 ;
    %pushi/vec4 2, 0, 7;
    %store/vec4 v0000023bc0892840_0, 0, 7;
    %jmp T_4.16;
T_4.7 ;
    %pushi/vec4 120, 0, 7;
    %store/vec4 v0000023bc0892840_0, 0, 7;
    %jmp T_4.16;
T_4.8 ;
    %pushi/vec4 0, 0, 7;
    %store/vec4 v0000023bc0892840_0, 0, 7;
    %jmp T_4.16;
T_4.9 ;
    %pushi/vec4 24, 0, 7;
    %store/vec4 v0000023bc0892840_0, 0, 7;
    %jmp T_4.16;
T_4.10 ;
    %pushi/vec4 8, 0, 7;
    %store/vec4 v0000023bc0892840_0, 0, 7;
    %jmp T_4.16;
T_4.11 ;
    %pushi/vec4 3, 0, 7;
    %store/vec4 v0000023bc0892840_0, 0, 7;
    %jmp T_4.16;
T_4.12 ;
    %pushi/vec4 70, 0, 7;
    %store/vec4 v0000023bc0892840_0, 0, 7;
    %jmp T_4.16;
T_4.13 ;
    %pushi/vec4 33, 0, 7;
    %store/vec4 v0000023bc0892840_0, 0, 7;
    %jmp T_4.16;
T_4.14 ;
    %pushi/vec4 6, 0, 7;
    %store/vec4 v0000023bc0892840_0, 0, 7;
    %jmp T_4.16;
T_4.15 ;
    %pushi/vec4 14, 0, 7;
    %store/vec4 v0000023bc0892840_0, 0, 7;
    %jmp T_4.16;
T_4.16 ;
    %pop/vec4 1;
    %jmp T_4;
    .thread T_4, $push;
    .scope S_0000023bc08797d0;
T_5 ;
    %wait E_0000023bc0899200;
    %load/vec4 v0000023bc08923e0_0;
    %dup/vec4;
    %pushi/vec4 0, 0, 4;
    %cmp/u;
    %jmp/1 T_5.0, 6;
    %dup/vec4;
    %pushi/vec4 1, 0, 4;
    %cmp/u;
    %jmp/1 T_5.1, 6;
    %dup/vec4;
    %pushi/vec4 2, 0, 4;
    %cmp/u;
    %jmp/1 T_5.2, 6;
    %dup/vec4;
    %pushi/vec4 3, 0, 4;
    %cmp/u;
    %jmp/1 T_5.3, 6;
    %dup/vec4;
    %pushi/vec4 4, 0, 4;
    %cmp/u;
    %jmp/1 T_5.4, 6;
    %dup/vec4;
    %pushi/vec4 5, 0, 4;
    %cmp/u;
    %jmp/1 T_5.5, 6;
    %dup/vec4;
    %pushi/vec4 6, 0, 4;
    %cmp/u;
    %jmp/1 T_5.6, 6;
    %dup/vec4;
    %pushi/vec4 7, 0, 4;
    %cmp/u;
    %jmp/1 T_5.7, 6;
    %dup/vec4;
    %pushi/vec4 8, 0, 4;
    %cmp/u;
    %jmp/1 T_5.8, 6;
    %dup/vec4;
    %pushi/vec4 9, 0, 4;
    %cmp/u;
    %jmp/1 T_5.9, 6;
    %dup/vec4;
    %pushi/vec4 10, 0, 4;
    %cmp/u;
    %jmp/1 T_5.10, 6;
    %dup/vec4;
    %pushi/vec4 11, 0, 4;
    %cmp/u;
    %jmp/1 T_5.11, 6;
    %dup/vec4;
    %pushi/vec4 12, 0, 4;
    %cmp/u;
    %jmp/1 T_5.12, 6;
    %dup/vec4;
    %pushi/vec4 13, 0, 4;
    %cmp/u;
    %jmp/1 T_5.13, 6;
    %dup/vec4;
    %pushi/vec4 14, 0, 4;
    %cmp/u;
    %jmp/1 T_5.14, 6;
    %dup/vec4;
    %pushi/vec4 15, 0, 4;
    %cmp/u;
    %jmp/1 T_5.15, 6;
    %jmp T_5.16;
T_5.0 ;
    %pushi/vec4 64, 0, 7;
    %store/vec4 v0000023bc0891b20_0, 0, 7;
    %jmp T_5.16;
T_5.1 ;
    %pushi/vec4 121, 0, 7;
    %store/vec4 v0000023bc0891b20_0, 0, 7;
    %jmp T_5.16;
T_5.2 ;
    %pushi/vec4 36, 0, 7;
    %store/vec4 v0000023bc0891b20_0, 0, 7;
    %jmp T_5.16;
T_5.3 ;
    %pushi/vec4 48, 0, 7;
    %store/vec4 v0000023bc0891b20_0, 0, 7;
    %jmp T_5.16;
T_5.4 ;
    %pushi/vec4 25, 0, 7;
    %store/vec4 v0000023bc0891b20_0, 0, 7;
    %jmp T_5.16;
T_5.5 ;
    %pushi/vec4 18, 0, 7;
    %store/vec4 v0000023bc0891b20_0, 0, 7;
    %jmp T_5.16;
T_5.6 ;
    %pushi/vec4 2, 0, 7;
    %store/vec4 v0000023bc0891b20_0, 0, 7;
    %jmp T_5.16;
T_5.7 ;
    %pushi/vec4 120, 0, 7;
    %store/vec4 v0000023bc0891b20_0, 0, 7;
    %jmp T_5.16;
T_5.8 ;
    %pushi/vec4 0, 0, 7;
    %store/vec4 v0000023bc0891b20_0, 0, 7;
    %jmp T_5.16;
T_5.9 ;
    %pushi/vec4 24, 0, 7;
    %store/vec4 v0000023bc0891b20_0, 0, 7;
    %jmp T_5.16;
T_5.10 ;
    %pushi/vec4 8, 0, 7;
    %store/vec4 v0000023bc0891b20_0, 0, 7;
    %jmp T_5.16;
T_5.11 ;
    %pushi/vec4 3, 0, 7;
    %store/vec4 v0000023bc0891b20_0, 0, 7;
    %jmp T_5.16;
T_5.12 ;
    %pushi/vec4 70, 0, 7;
    %store/vec4 v0000023bc0891b20_0, 0, 7;
    %jmp T_5.16;
T_5.13 ;
    %pushi/vec4 33, 0, 7;
    %store/vec4 v0000023bc0891b20_0, 0, 7;
    %jmp T_5.16;
T_5.14 ;
    %pushi/vec4 6, 0, 7;
    %store/vec4 v0000023bc0891b20_0, 0, 7;
    %jmp T_5.16;
T_5.15 ;
    %pushi/vec4 14, 0, 7;
    %store/vec4 v0000023bc0891b20_0, 0, 7;
    %jmp T_5.16;
T_5.16 ;
    %pop/vec4 1;
    %jmp T_5;
    .thread T_5, $push;
    .scope S_0000023bc086ccf0;
T_6 ;
    %wait E_0000023bc08991c0;
    %load/vec4 v0000023bc08925c0_0;
    %dup/vec4;
    %pushi/vec4 0, 0, 4;
    %cmp/u;
    %jmp/1 T_6.0, 6;
    %dup/vec4;
    %pushi/vec4 1, 0, 4;
    %cmp/u;
    %jmp/1 T_6.1, 6;
    %dup/vec4;
    %pushi/vec4 2, 0, 4;
    %cmp/u;
    %jmp/1 T_6.2, 6;
    %dup/vec4;
    %pushi/vec4 3, 0, 4;
    %cmp/u;
    %jmp/1 T_6.3, 6;
    %dup/vec4;
    %pushi/vec4 4, 0, 4;
    %cmp/u;
    %jmp/1 T_6.4, 6;
    %dup/vec4;
    %pushi/vec4 5, 0, 4;
    %cmp/u;
    %jmp/1 T_6.5, 6;
    %dup/vec4;
    %pushi/vec4 6, 0, 4;
    %cmp/u;
    %jmp/1 T_6.6, 6;
    %dup/vec4;
    %pushi/vec4 7, 0, 4;
    %cmp/u;
    %jmp/1 T_6.7, 6;
    %dup/vec4;
    %pushi/vec4 8, 0, 4;
    %cmp/u;
    %jmp/1 T_6.8, 6;
    %dup/vec4;
    %pushi/vec4 9, 0, 4;
    %cmp/u;
    %jmp/1 T_6.9, 6;
    %dup/vec4;
    %pushi/vec4 10, 0, 4;
    %cmp/u;
    %jmp/1 T_6.10, 6;
    %dup/vec4;
    %pushi/vec4 11, 0, 4;
    %cmp/u;
    %jmp/1 T_6.11, 6;
    %dup/vec4;
    %pushi/vec4 12, 0, 4;
    %cmp/u;
    %jmp/1 T_6.12, 6;
    %dup/vec4;
    %pushi/vec4 13, 0, 4;
    %cmp/u;
    %jmp/1 T_6.13, 6;
    %dup/vec4;
    %pushi/vec4 14, 0, 4;
    %cmp/u;
    %jmp/1 T_6.14, 6;
    %dup/vec4;
    %pushi/vec4 15, 0, 4;
    %cmp/u;
    %jmp/1 T_6.15, 6;
    %jmp T_6.16;
T_6.0 ;
    %pushi/vec4 64, 0, 7;
    %store/vec4 v0000023bc0892200_0, 0, 7;
    %jmp T_6.16;
T_6.1 ;
    %pushi/vec4 121, 0, 7;
    %store/vec4 v0000023bc0892200_0, 0, 7;
    %jmp T_6.16;
T_6.2 ;
    %pushi/vec4 36, 0, 7;
    %store/vec4 v0000023bc0892200_0, 0, 7;
    %jmp T_6.16;
T_6.3 ;
    %pushi/vec4 48, 0, 7;
    %store/vec4 v0000023bc0892200_0, 0, 7;
    %jmp T_6.16;
T_6.4 ;
    %pushi/vec4 25, 0, 7;
    %store/vec4 v0000023bc0892200_0, 0, 7;
    %jmp T_6.16;
T_6.5 ;
    %pushi/vec4 18, 0, 7;
    %store/vec4 v0000023bc0892200_0, 0, 7;
    %jmp T_6.16;
T_6.6 ;
    %pushi/vec4 2, 0, 7;
    %store/vec4 v0000023bc0892200_0, 0, 7;
    %jmp T_6.16;
T_6.7 ;
    %pushi/vec4 120, 0, 7;
    %store/vec4 v0000023bc0892200_0, 0, 7;
    %jmp T_6.16;
T_6.8 ;
    %pushi/vec4 0, 0, 7;
    %store/vec4 v0000023bc0892200_0, 0, 7;
    %jmp T_6.16;
T_6.9 ;
    %pushi/vec4 24, 0, 7;
    %store/vec4 v0000023bc0892200_0, 0, 7;
    %jmp T_6.16;
T_6.10 ;
    %pushi/vec4 8, 0, 7;
    %store/vec4 v0000023bc0892200_0, 0, 7;
    %jmp T_6.16;
T_6.11 ;
    %pushi/vec4 3, 0, 7;
    %store/vec4 v0000023bc0892200_0, 0, 7;
    %jmp T_6.16;
T_6.12 ;
    %pushi/vec4 70, 0, 7;
    %store/vec4 v0000023bc0892200_0, 0, 7;
    %jmp T_6.16;
T_6.13 ;
    %pushi/vec4 33, 0, 7;
    %store/vec4 v0000023bc0892200_0, 0, 7;
    %jmp T_6.16;
T_6.14 ;
    %pushi/vec4 6, 0, 7;
    %store/vec4 v0000023bc0892200_0, 0, 7;
    %jmp T_6.16;
T_6.15 ;
    %pushi/vec4 14, 0, 7;
    %store/vec4 v0000023bc0892200_0, 0, 7;
    %jmp T_6.16;
T_6.16 ;
    %pop/vec4 1;
    %jmp T_6;
    .thread T_6, $push;
    .scope S_0000023bc086ce80;
T_7 ;
    %wait E_0000023bc0898e80;
    %load/vec4 v0000023bc0892480_0;
    %dup/vec4;
    %pushi/vec4 0, 0, 4;
    %cmp/u;
    %jmp/1 T_7.0, 6;
    %dup/vec4;
    %pushi/vec4 1, 0, 4;
    %cmp/u;
    %jmp/1 T_7.1, 6;
    %dup/vec4;
    %pushi/vec4 2, 0, 4;
    %cmp/u;
    %jmp/1 T_7.2, 6;
    %dup/vec4;
    %pushi/vec4 3, 0, 4;
    %cmp/u;
    %jmp/1 T_7.3, 6;
    %dup/vec4;
    %pushi/vec4 4, 0, 4;
    %cmp/u;
    %jmp/1 T_7.4, 6;
    %dup/vec4;
    %pushi/vec4 5, 0, 4;
    %cmp/u;
    %jmp/1 T_7.5, 6;
    %dup/vec4;
    %pushi/vec4 6, 0, 4;
    %cmp/u;
    %jmp/1 T_7.6, 6;
    %dup/vec4;
    %pushi/vec4 7, 0, 4;
    %cmp/u;
    %jmp/1 T_7.7, 6;
    %dup/vec4;
    %pushi/vec4 8, 0, 4;
    %cmp/u;
    %jmp/1 T_7.8, 6;
    %dup/vec4;
    %pushi/vec4 9, 0, 4;
    %cmp/u;
    %jmp/1 T_7.9, 6;
    %dup/vec4;
    %pushi/vec4 10, 0, 4;
    %cmp/u;
    %jmp/1 T_7.10, 6;
    %dup/vec4;
    %pushi/vec4 11, 0, 4;
    %cmp/u;
    %jmp/1 T_7.11, 6;
    %dup/vec4;
    %pushi/vec4 12, 0, 4;
    %cmp/u;
    %jmp/1 T_7.12, 6;
    %dup/vec4;
    %pushi/vec4 13, 0, 4;
    %cmp/u;
    %jmp/1 T_7.13, 6;
    %dup/vec4;
    %pushi/vec4 14, 0, 4;
    %cmp/u;
    %jmp/1 T_7.14, 6;
    %dup/vec4;
    %pushi/vec4 15, 0, 4;
    %cmp/u;
    %jmp/1 T_7.15, 6;
    %jmp T_7.16;
T_7.0 ;
    %pushi/vec4 64, 0, 7;
    %store/vec4 v0000023bc0893100_0, 0, 7;
    %jmp T_7.16;
T_7.1 ;
    %pushi/vec4 121, 0, 7;
    %store/vec4 v0000023bc0893100_0, 0, 7;
    %jmp T_7.16;
T_7.2 ;
    %pushi/vec4 36, 0, 7;
    %store/vec4 v0000023bc0893100_0, 0, 7;
    %jmp T_7.16;
T_7.3 ;
    %pushi/vec4 48, 0, 7;
    %store/vec4 v0000023bc0893100_0, 0, 7;
    %jmp T_7.16;
T_7.4 ;
    %pushi/vec4 25, 0, 7;
    %store/vec4 v0000023bc0893100_0, 0, 7;
    %jmp T_7.16;
T_7.5 ;
    %pushi/vec4 18, 0, 7;
    %store/vec4 v0000023bc0893100_0, 0, 7;
    %jmp T_7.16;
T_7.6 ;
    %pushi/vec4 2, 0, 7;
    %store/vec4 v0000023bc0893100_0, 0, 7;
    %jmp T_7.16;
T_7.7 ;
    %pushi/vec4 120, 0, 7;
    %store/vec4 v0000023bc0893100_0, 0, 7;
    %jmp T_7.16;
T_7.8 ;
    %pushi/vec4 0, 0, 7;
    %store/vec4 v0000023bc0893100_0, 0, 7;
    %jmp T_7.16;
T_7.9 ;
    %pushi/vec4 24, 0, 7;
    %store/vec4 v0000023bc0893100_0, 0, 7;
    %jmp T_7.16;
T_7.10 ;
    %pushi/vec4 8, 0, 7;
    %store/vec4 v0000023bc0893100_0, 0, 7;
    %jmp T_7.16;
T_7.11 ;
    %pushi/vec4 3, 0, 7;
    %store/vec4 v0000023bc0893100_0, 0, 7;
    %jmp T_7.16;
T_7.12 ;
    %pushi/vec4 70, 0, 7;
    %store/vec4 v0000023bc0893100_0, 0, 7;
    %jmp T_7.16;
T_7.13 ;
    %pushi/vec4 33, 0, 7;
    %store/vec4 v0000023bc0893100_0, 0, 7;
    %jmp T_7.16;
T_7.14 ;
    %pushi/vec4 6, 0, 7;
    %store/vec4 v0000023bc0893100_0, 0, 7;
    %jmp T_7.16;
T_7.15 ;
    %pushi/vec4 14, 0, 7;
    %store/vec4 v0000023bc0893100_0, 0, 7;
    %jmp T_7.16;
T_7.16 ;
    %pop/vec4 1;
    %jmp T_7;
    .thread T_7, $push;
    .scope S_0000023bc0876640;
T_8 ;
    %wait E_0000023bc08998c0;
    %load/vec4 v0000023bc0891e40_0;
    %dup/vec4;
    %pushi/vec4 0, 0, 4;
    %cmp/u;
    %jmp/1 T_8.0, 6;
    %dup/vec4;
    %pushi/vec4 1, 0, 4;
    %cmp/u;
    %jmp/1 T_8.1, 6;
    %dup/vec4;
    %pushi/vec4 2, 0, 4;
    %cmp/u;
    %jmp/1 T_8.2, 6;
    %dup/vec4;
    %pushi/vec4 3, 0, 4;
    %cmp/u;
    %jmp/1 T_8.3, 6;
    %dup/vec4;
    %pushi/vec4 4, 0, 4;
    %cmp/u;
    %jmp/1 T_8.4, 6;
    %dup/vec4;
    %pushi/vec4 5, 0, 4;
    %cmp/u;
    %jmp/1 T_8.5, 6;
    %dup/vec4;
    %pushi/vec4 6, 0, 4;
    %cmp/u;
    %jmp/1 T_8.6, 6;
    %dup/vec4;
    %pushi/vec4 7, 0, 4;
    %cmp/u;
    %jmp/1 T_8.7, 6;
    %dup/vec4;
    %pushi/vec4 8, 0, 4;
    %cmp/u;
    %jmp/1 T_8.8, 6;
    %dup/vec4;
    %pushi/vec4 9, 0, 4;
    %cmp/u;
    %jmp/1 T_8.9, 6;
    %dup/vec4;
    %pushi/vec4 10, 0, 4;
    %cmp/u;
    %jmp/1 T_8.10, 6;
    %dup/vec4;
    %pushi/vec4 11, 0, 4;
    %cmp/u;
    %jmp/1 T_8.11, 6;
    %dup/vec4;
    %pushi/vec4 12, 0, 4;
    %cmp/u;
    %jmp/1 T_8.12, 6;
    %dup/vec4;
    %pushi/vec4 13, 0, 4;
    %cmp/u;
    %jmp/1 T_8.13, 6;
    %dup/vec4;
    %pushi/vec4 14, 0, 4;
    %cmp/u;
    %jmp/1 T_8.14, 6;
    %dup/vec4;
    %pushi/vec4 15, 0, 4;
    %cmp/u;
    %jmp/1 T_8.15, 6;
    %jmp T_8.16;
T_8.0 ;
    %pushi/vec4 64, 0, 7;
    %store/vec4 v0000023bc0892020_0, 0, 7;
    %jmp T_8.16;
T_8.1 ;
    %pushi/vec4 121, 0, 7;
    %store/vec4 v0000023bc0892020_0, 0, 7;
    %jmp T_8.16;
T_8.2 ;
    %pushi/vec4 36, 0, 7;
    %store/vec4 v0000023bc0892020_0, 0, 7;
    %jmp T_8.16;
T_8.3 ;
    %pushi/vec4 48, 0, 7;
    %store/vec4 v0000023bc0892020_0, 0, 7;
    %jmp T_8.16;
T_8.4 ;
    %pushi/vec4 25, 0, 7;
    %store/vec4 v0000023bc0892020_0, 0, 7;
    %jmp T_8.16;
T_8.5 ;
    %pushi/vec4 18, 0, 7;
    %store/vec4 v0000023bc0892020_0, 0, 7;
    %jmp T_8.16;
T_8.6 ;
    %pushi/vec4 2, 0, 7;
    %store/vec4 v0000023bc0892020_0, 0, 7;
    %jmp T_8.16;
T_8.7 ;
    %pushi/vec4 120, 0, 7;
    %store/vec4 v0000023bc0892020_0, 0, 7;
    %jmp T_8.16;
T_8.8 ;
    %pushi/vec4 0, 0, 7;
    %store/vec4 v0000023bc0892020_0, 0, 7;
    %jmp T_8.16;
T_8.9 ;
    %pushi/vec4 24, 0, 7;
    %store/vec4 v0000023bc0892020_0, 0, 7;
    %jmp T_8.16;
T_8.10 ;
    %pushi/vec4 8, 0, 7;
    %store/vec4 v0000023bc0892020_0, 0, 7;
    %jmp T_8.16;
T_8.11 ;
    %pushi/vec4 3, 0, 7;
    %store/vec4 v0000023bc0892020_0, 0, 7;
    %jmp T_8.16;
T_8.12 ;
    %pushi/vec4 70, 0, 7;
    %store/vec4 v0000023bc0892020_0, 0, 7;
    %jmp T_8.16;
T_8.13 ;
    %pushi/vec4 33, 0, 7;
    %store/vec4 v0000023bc0892020_0, 0, 7;
    %jmp T_8.16;
T_8.14 ;
    %pushi/vec4 6, 0, 7;
    %store/vec4 v0000023bc0892020_0, 0, 7;
    %jmp T_8.16;
T_8.15 ;
    %pushi/vec4 14, 0, 7;
    %store/vec4 v0000023bc0892020_0, 0, 7;
    %jmp T_8.16;
T_8.16 ;
    %pop/vec4 1;
    %jmp T_8;
    .thread T_8, $push;
    .scope S_0000023bc08767d0;
T_9 ;
    %wait E_0000023bc0899c00;
    %load/vec4 v0000023bc0892d40_0;
    %dup/vec4;
    %pushi/vec4 0, 0, 4;
    %cmp/u;
    %jmp/1 T_9.0, 6;
    %dup/vec4;
    %pushi/vec4 1, 0, 4;
    %cmp/u;
    %jmp/1 T_9.1, 6;
    %dup/vec4;
    %pushi/vec4 2, 0, 4;
    %cmp/u;
    %jmp/1 T_9.2, 6;
    %dup/vec4;
    %pushi/vec4 3, 0, 4;
    %cmp/u;
    %jmp/1 T_9.3, 6;
    %dup/vec4;
    %pushi/vec4 4, 0, 4;
    %cmp/u;
    %jmp/1 T_9.4, 6;
    %dup/vec4;
    %pushi/vec4 5, 0, 4;
    %cmp/u;
    %jmp/1 T_9.5, 6;
    %dup/vec4;
    %pushi/vec4 6, 0, 4;
    %cmp/u;
    %jmp/1 T_9.6, 6;
    %dup/vec4;
    %pushi/vec4 7, 0, 4;
    %cmp/u;
    %jmp/1 T_9.7, 6;
    %dup/vec4;
    %pushi/vec4 8, 0, 4;
    %cmp/u;
    %jmp/1 T_9.8, 6;
    %dup/vec4;
    %pushi/vec4 9, 0, 4;
    %cmp/u;
    %jmp/1 T_9.9, 6;
    %dup/vec4;
    %pushi/vec4 10, 0, 4;
    %cmp/u;
    %jmp/1 T_9.10, 6;
    %dup/vec4;
    %pushi/vec4 11, 0, 4;
    %cmp/u;
    %jmp/1 T_9.11, 6;
    %dup/vec4;
    %pushi/vec4 12, 0, 4;
    %cmp/u;
    %jmp/1 T_9.12, 6;
    %dup/vec4;
    %pushi/vec4 13, 0, 4;
    %cmp/u;
    %jmp/1 T_9.13, 6;
    %dup/vec4;
    %pushi/vec4 14, 0, 4;
    %cmp/u;
    %jmp/1 T_9.14, 6;
    %dup/vec4;
    %pushi/vec4 15, 0, 4;
    %cmp/u;
    %jmp/1 T_9.15, 6;
    %jmp T_9.16;
T_9.0 ;
    %pushi/vec4 64, 0, 7;
    %store/vec4 v0000023bc0892ca0_0, 0, 7;
    %jmp T_9.16;
T_9.1 ;
    %pushi/vec4 121, 0, 7;
    %store/vec4 v0000023bc0892ca0_0, 0, 7;
    %jmp T_9.16;
T_9.2 ;
    %pushi/vec4 36, 0, 7;
    %store/vec4 v0000023bc0892ca0_0, 0, 7;
    %jmp T_9.16;
T_9.3 ;
    %pushi/vec4 48, 0, 7;
    %store/vec4 v0000023bc0892ca0_0, 0, 7;
    %jmp T_9.16;
T_9.4 ;
    %pushi/vec4 25, 0, 7;
    %store/vec4 v0000023bc0892ca0_0, 0, 7;
    %jmp T_9.16;
T_9.5 ;
    %pushi/vec4 18, 0, 7;
    %store/vec4 v0000023bc0892ca0_0, 0, 7;
    %jmp T_9.16;
T_9.6 ;
    %pushi/vec4 2, 0, 7;
    %store/vec4 v0000023bc0892ca0_0, 0, 7;
    %jmp T_9.16;
T_9.7 ;
    %pushi/vec4 120, 0, 7;
    %store/vec4 v0000023bc0892ca0_0, 0, 7;
    %jmp T_9.16;
T_9.8 ;
    %pushi/vec4 0, 0, 7;
    %store/vec4 v0000023bc0892ca0_0, 0, 7;
    %jmp T_9.16;
T_9.9 ;
    %pushi/vec4 24, 0, 7;
    %store/vec4 v0000023bc0892ca0_0, 0, 7;
    %jmp T_9.16;
T_9.10 ;
    %pushi/vec4 8, 0, 7;
    %store/vec4 v0000023bc0892ca0_0, 0, 7;
    %jmp T_9.16;
T_9.11 ;
    %pushi/vec4 3, 0, 7;
    %store/vec4 v0000023bc0892ca0_0, 0, 7;
    %jmp T_9.16;
T_9.12 ;
    %pushi/vec4 70, 0, 7;
    %store/vec4 v0000023bc0892ca0_0, 0, 7;
    %jmp T_9.16;
T_9.13 ;
    %pushi/vec4 33, 0, 7;
    %store/vec4 v0000023bc0892ca0_0, 0, 7;
    %jmp T_9.16;
T_9.14 ;
    %pushi/vec4 6, 0, 7;
    %store/vec4 v0000023bc0892ca0_0, 0, 7;
    %jmp T_9.16;
T_9.15 ;
    %pushi/vec4 14, 0, 7;
    %store/vec4 v0000023bc0892ca0_0, 0, 7;
    %jmp T_9.16;
T_9.16 ;
    %pop/vec4 1;
    %jmp T_9;
    .thread T_9, $push;
    .scope S_0000023bc08742b0;
T_10 ;
    %wait E_0000023bc0899c40;
    %load/vec4 v0000023bc0893420_0;
    %flag_set/vec4 8;
    %jmp/0xz  T_10.0, 8;
    %load/vec4 v0000023bc0891d00_0;
    %load/vec4 v0000023bc0893600_0;
    %pad/u 6;
    %ix/vec4 3;
    %ix/load 4, 0, 0; Constant delay
    %assign/vec4/a/d v0000023bc0893380, 0, 4;
T_10.0 ;
    %load/vec4 v0000023bc0891da0_0;
    %pad/u 6;
    %ix/vec4 4;
    %load/vec4a v0000023bc0893380, 4;
    %assign/vec4 v0000023bc0893560_0, 0;
    %jmp T_10;
    .thread T_10;
    .scope S_0000023bc089b0c0;
T_11 ;
    %pushi/vec4 1, 0, 1;
    %store/vec4 v0000023bc08f4940_0, 0, 1;
    %pushi/vec4 0, 0, 2;
    %store/vec4 v0000023bc08f4b20_0, 0, 2;
    %pushi/vec4 15, 0, 8;
    %store/vec4 v0000023bc08f5ac0_0, 0, 8;
    %pushi/vec4 0, 0, 1;
    %store/vec4 v0000023bc08f4ee0_0, 0, 1;
    %delay 10, 0;
    %pushi/vec4 1, 0, 1;
    %store/vec4 v0000023bc08f4ee0_0, 0, 1;
    %delay 50, 0;
    %pushi/vec4 0, 0, 8;
    %store/vec4 v0000023bc08f5ac0_0, 0, 8;
    %pushi/vec4 3, 0, 32;
T_11.0 %dup/vec4;
    %pushi/vec4 0, 0, 32;
    %cmp/s;
    %jmp/1xz T_11.1, 5;
    %jmp/1 T_11.1, 4;
    %pushi/vec4 1, 0, 32;
    %sub;
    %pushi/vec4 2, 0, 2;
    %store/vec4 v0000023bc08f4b20_0, 0, 2;
    %delay 40, 0;
    %pushi/vec4 3, 0, 2;
    %store/vec4 v0000023bc08f4b20_0, 0, 2;
    %delay 40, 0;
    %load/vec4 v0000023bc08f5ac0_0;
    %addi 1, 0, 8;
    %store/vec4 v0000023bc08f5ac0_0, 0, 8;
    %jmp T_11.0;
T_11.1 ;
    %pop/vec4 1;
    %pushi/vec4 0, 0, 8;
    %store/vec4 v0000023bc08f5ac0_0, 0, 8;
    %pushi/vec4 1, 0, 2;
    %store/vec4 v0000023bc08f4b20_0, 0, 2;
    %pushi/vec4 3, 0, 32;
T_11.2 %dup/vec4;
    %pushi/vec4 0, 0, 32;
    %cmp/s;
    %jmp/1xz T_11.3, 5;
    %jmp/1 T_11.3, 4;
    %pushi/vec4 1, 0, 32;
    %sub;
    %delay 40, 0;
    %load/vec4 v0000023bc08f5ac0_0;
    %addi 1, 0, 8;
    %store/vec4 v0000023bc08f5ac0_0, 0, 8;
    %jmp T_11.2;
T_11.3 ;
    %pop/vec4 1;
    %pushi/vec4 170, 0, 8;
    %store/vec4 v0000023bc08f5ac0_0, 0, 8;
    %pushi/vec4 0, 0, 2;
    %store/vec4 v0000023bc08f4b20_0, 0, 2;
    %delay 40, 0;
    %pushi/vec4 1, 0, 8;
    %store/vec4 v0000023bc08f5ac0_0, 0, 8;
    %pushi/vec4 2, 0, 2;
    %store/vec4 v0000023bc08f4b20_0, 0, 2;
    %delay 40, 0;
    %pushi/vec4 1, 0, 2;
    %store/vec4 v0000023bc08f4b20_0, 0, 2;
    %delay 40, 0;
    %pushi/vec4 3, 0, 2;
    %store/vec4 v0000023bc08f4b20_0, 0, 2;
    %end;
    .thread T_11;
    .scope S_0000023bc089b0c0;
T_12 ;
    %delay 20, 0;
    %load/vec4 v0000023bc08f4940_0;
    %inv;
    %store/vec4 v0000023bc08f4940_0, 0, 1;
    %jmp T_12;
    .thread T_12;
    .scope S_0000023bc089b0c0;
T_13 ;
    %delay 760, 0;
    %vpi_call 2 84 "$finish" {0 0 0};
    %end;
    .thread T_13;
    .scope S_0000023bc089b0c0;
T_14 ;
    %vpi_call 2 89 "$monitor", "clk=%b rst_n=%b DC=%b SW[7:0]=%h HEX0=%h HEX1=%h HEX2=%h HEX3=%h HEX4=%h HEX5=%h w_we=%b data_in_reg=%h read_addr_reg=%h write_addr_reg=%h data_out=%h", v0000023bc08f4940_0, v0000023bc08f4ee0_0, v0000023bc08f4b20_0, v0000023bc08f5ac0_0, v0000023bc08f4e40_0, v0000023bc08f5520_0, v0000023bc08f5e80_0, v0000023bc08f4080_0, v0000023bc08f4f80_0, v0000023bc08f5200_0, v0000023bc08f5d40_0, v0000023bc08f5700_0, v0000023bc08f52a0_0, v0000023bc08f4120_0, v0000023bc08f4bc0_0 {0 0 0};
    %end;
    .thread T_14;
    .scope S_0000023bc089b0c0;
T_15 ;
    %vpi_call 2 94 "$dumpvars" {0 0 0};
    %end;
    .thread T_15;
# The file index is used to find the file name in the following table.
:file_names 4;
    "N/A";
    "<interactive>";
    "..\testbench.v";
    "..\..\lab7_5.v";
