#! /c/Source/iverilog-install/bin/vvp
:ivl_version "12.0 (devel)" "(s20150603-1539-g2693dd32b)";
:ivl_delay_selection "TYPICAL";
:vpi_time_precision + 0;
:vpi_module "C:\iverilog\lib\ivl\system.vpi";
:vpi_module "C:\iverilog\lib\ivl\vhdl_sys.vpi";
:vpi_module "C:\iverilog\lib\ivl\vhdl_textio.vpi";
:vpi_module "C:\iverilog\lib\ivl\v2005_math.vpi";
:vpi_module "C:\iverilog\lib\ivl\va_math.vpi";
S_0000026cdc369660 .scope module, "tb_br" "tb_br" 2 1;
 .timescale 0 0;
P_0000026cdc4a6090 .param/l "MSB" 0 2 2, +C4<00000000000000000000000000010000>;
v0000026cdc36aab0_0 .var "clk", 0 0;
v0000026cdc36ab50_0 .var "data", 0 0;
v0000026cdc36abf0_0 .var "dir", 0 0;
v0000026cdc36ac90_0 .var "en", 0 0;
v0000026cdc36ad30_0 .net "out", 15 0, v0000026cdc36cad0_0;  1 drivers
v0000026cdc36add0_0 .var "rstn", 0 0;
S_0000026cdc36c800 .scope module, "sr0" "shift_reg" 2 12, 3 1 0, S_0000026cdc369660;
 .timescale 0 0;
    .port_info 0 /INPUT 1 "d";
    .port_info 1 /INPUT 1 "clk";
    .port_info 2 /INPUT 1 "en";
    .port_info 3 /INPUT 1 "dir";
    .port_info 4 /INPUT 1 "rstn";
    .port_info 5 /OUTPUT 16 "out";
P_0000026cdc4a5710 .param/l "MSB" 0 3 1, +C4<00000000000000000000000000010000>;
v0000026cdc482ca0_0 .net "clk", 0 0, v0000026cdc36aab0_0;  1 drivers
v0000026cdc4828d0_0 .net "d", 0 0, v0000026cdc36ab50_0;  1 drivers
v0000026cdc36c990_0 .net "dir", 0 0, v0000026cdc36abf0_0;  1 drivers
v0000026cdc36ca30_0 .net "en", 0 0, v0000026cdc36ac90_0;  1 drivers
v0000026cdc36cad0_0 .var "out", 15 0;
v0000026cdc36cb70_0 .net "rstn", 0 0, v0000026cdc36add0_0;  1 drivers
E_0000026cdc4a6310 .event posedge, v0000026cdc482ca0_0;
    .scope S_0000026cdc36c800;
T_0 ;
    %wait E_0000026cdc4a6310;
    %load/vec4 v0000026cdc36cb70_0;
    %nor/r;
    %flag_set/vec4 8;
    %jmp/0xz  T_0.0, 8;
    %pushi/vec4 0, 0, 16;
    %assign/vec4 v0000026cdc36cad0_0, 0;
    %jmp T_0.1;
T_0.0 ;
    %load/vec4 v0000026cdc36ca30_0;
    %flag_set/vec4 8;
    %jmp/0xz  T_0.2, 8;
    %load/vec4 v0000026cdc36c990_0;
    %dup/vec4;
    %pushi/vec4 0, 0, 1;
    %cmp/u;
    %jmp/1 T_0.4, 6;
    %dup/vec4;
    %pushi/vec4 1, 0, 1;
    %cmp/u;
    %jmp/1 T_0.5, 6;
    %jmp T_0.6;
T_0.4 ;
    %load/vec4 v0000026cdc36cad0_0;
    %parti/s 15, 0, 2;
    %load/vec4 v0000026cdc4828d0_0;
    %concat/vec4; draw_concat_vec4
    %assign/vec4 v0000026cdc36cad0_0, 0;
    %jmp T_0.6;
T_0.5 ;
    %load/vec4 v0000026cdc4828d0_0;
    %load/vec4 v0000026cdc36cad0_0;
    %parti/s 15, 1, 2;
    %concat/vec4; draw_concat_vec4
    %assign/vec4 v0000026cdc36cad0_0, 0;
    %jmp T_0.6;
T_0.6 ;
    %pop/vec4 1;
    %jmp T_0.3;
T_0.2 ;
    %load/vec4 v0000026cdc36cad0_0;
    %assign/vec4 v0000026cdc36cad0_0, 0;
T_0.3 ;
T_0.1 ;
    %jmp T_0;
    .thread T_0;
    .scope S_0000026cdc369660;
T_1 ;
    %delay 10, 0;
    %load/vec4 v0000026cdc36aab0_0;
    %inv;
    %store/vec4 v0000026cdc36aab0_0, 0, 1;
    %jmp T_1;
    .thread T_1;
    .scope S_0000026cdc369660;
T_2 ;
    %pushi/vec4 0, 0, 1;
    %assign/vec4 v0000026cdc36aab0_0, 0;
    %pushi/vec4 0, 0, 1;
    %assign/vec4 v0000026cdc36ac90_0, 0;
    %pushi/vec4 0, 0, 1;
    %assign/vec4 v0000026cdc36abf0_0, 0;
    %pushi/vec4 0, 0, 1;
    %assign/vec4 v0000026cdc36add0_0, 0;
    %pushi/vec4 1, 0, 1;
    %assign/vec4 v0000026cdc36ab50_0, 0;
    %end;
    .thread T_2;
    .scope S_0000026cdc369660;
T_3 ;
    %vpi_call 2 31 "$monitor", "rstn=%0b data=%b, en=%0b, dir=%0b, out=%b", v0000026cdc36add0_0, v0000026cdc36ab50_0, v0000026cdc36ac90_0, v0000026cdc36abf0_0, v0000026cdc36ad30_0 {0 0 0};
    %pushi/vec4 0, 0, 1;
    %assign/vec4 v0000026cdc36add0_0, 0;
    %delay 20, 0;
    %pushi/vec4 1, 0, 1;
    %assign/vec4 v0000026cdc36add0_0, 0;
    %pushi/vec4 1, 0, 1;
    %assign/vec4 v0000026cdc36ac90_0, 0;
    %pushi/vec4 7, 0, 32;
T_3.0 %dup/vec4;
    %pushi/vec4 0, 0, 32;
    %cmp/s;
    %jmp/1xz T_3.1, 5;
    %jmp/1 T_3.1, 4;
    %pushi/vec4 1, 0, 32;
    %sub;
    %wait E_0000026cdc4a6310;
    %load/vec4 v0000026cdc36ab50_0;
    %inv;
    %assign/vec4 v0000026cdc36ab50_0, 0;
    %jmp T_3.0;
T_3.1 ;
    %pop/vec4 1;
    %delay 10, 0;
    %pushi/vec4 1, 0, 1;
    %assign/vec4 v0000026cdc36abf0_0, 0;
    %pushi/vec4 7, 0, 32;
T_3.2 %dup/vec4;
    %pushi/vec4 0, 0, 32;
    %cmp/s;
    %jmp/1xz T_3.3, 5;
    %jmp/1 T_3.3, 4;
    %pushi/vec4 1, 0, 32;
    %sub;
    %wait E_0000026cdc4a6310;
    %load/vec4 v0000026cdc36ab50_0;
    %inv;
    %assign/vec4 v0000026cdc36ab50_0, 0;
    %jmp T_3.2;
T_3.3 ;
    %pop/vec4 1;
    %pushi/vec4 7, 0, 32;
T_3.4 %dup/vec4;
    %pushi/vec4 0, 0, 32;
    %cmp/s;
    %jmp/1xz T_3.5, 5;
    %jmp/1 T_3.5, 4;
    %pushi/vec4 1, 0, 32;
    %sub;
    %wait E_0000026cdc4a6310;
    %jmp T_3.4;
T_3.5 ;
    %pop/vec4 1;
    %vpi_call 2 45 "$finish" {0 0 0};
    %end;
    .thread T_3;
    .scope S_0000026cdc369660;
T_4 ;
    %vpi_call 2 50 "$dumpfile", "dump.vcd" {0 0 0};
    %vpi_call 2 50 "$dumpvars" {0 0 0};
    %end;
    .thread T_4;
# The file index is used to find the file name in the following table.
:file_names 4;
    "N/A";
    "<interactive>";
    "..\barrelShifter_tb.v";
    "..\barrelShifter.v";
