#! /c/Source/iverilog-install/bin/vvp
:ivl_version "12.0 (devel)" "(s20150603-1539-g2693dd32b)";
:ivl_delay_selection "TYPICAL";
:vpi_time_precision - 9;
:vpi_module "C:\iverilog\lib\ivl\system.vpi";
:vpi_module "C:\iverilog\lib\ivl\vhdl_sys.vpi";
:vpi_module "C:\iverilog\lib\ivl\vhdl_textio.vpi";
:vpi_module "C:\iverilog\lib\ivl\v2005_math.vpi";
:vpi_module "C:\iverilog\lib\ivl\va_math.vpi";
S_00000258d75b6b40 .scope module, "testbench" "testbench" 2 4;
 .timescale -9 -9;
v00000258d75b6f00_0 .var "x", 3 0;
v00000258d75b4950_0 .net "y", 0 0, v00000258d7582e40_0;  1 drivers
S_00000258d75b6cd0 .scope module, "dut" "lab7_2" 2 13, 3 1 0, S_00000258d75b6b40;
 .timescale -9 -9;
    .port_info 0 /INPUT 4 "x";
    .port_info 1 /OUTPUT 1 "y";
v00000258d75b6e60_0 .net "x", 3 0, v00000258d75b6f00_0;  1 drivers
v00000258d7582e40_0 .var "y", 0 0;
E_00000258d7568ef0 .event anyedge, v00000258d75b6e60_0;
    .scope S_00000258d75b6cd0;
T_0 ;
    %wait E_00000258d7568ef0;
    %load/vec4 v00000258d75b6e60_0;
    %dup/vec4;
    %pushi/vec4 0, 0, 4;
    %cmp/u;
    %jmp/1 T_0.0, 6;
    %dup/vec4;
    %pushi/vec4 1, 0, 4;
    %cmp/u;
    %jmp/1 T_0.1, 6;
    %dup/vec4;
    %pushi/vec4 2, 0, 4;
    %cmp/u;
    %jmp/1 T_0.2, 6;
    %dup/vec4;
    %pushi/vec4 3, 0, 4;
    %cmp/u;
    %jmp/1 T_0.3, 6;
    %dup/vec4;
    %pushi/vec4 4, 0, 4;
    %cmp/u;
    %jmp/1 T_0.4, 6;
    %dup/vec4;
    %pushi/vec4 5, 0, 4;
    %cmp/u;
    %jmp/1 T_0.5, 6;
    %dup/vec4;
    %pushi/vec4 6, 0, 4;
    %cmp/u;
    %jmp/1 T_0.6, 6;
    %dup/vec4;
    %pushi/vec4 7, 0, 4;
    %cmp/u;
    %jmp/1 T_0.7, 6;
    %dup/vec4;
    %pushi/vec4 8, 0, 4;
    %cmp/u;
    %jmp/1 T_0.8, 6;
    %dup/vec4;
    %pushi/vec4 9, 0, 4;
    %cmp/u;
    %jmp/1 T_0.9, 6;
    %dup/vec4;
    %pushi/vec4 10, 0, 4;
    %cmp/u;
    %jmp/1 T_0.10, 6;
    %dup/vec4;
    %pushi/vec4 11, 0, 4;
    %cmp/u;
    %jmp/1 T_0.11, 6;
    %dup/vec4;
    %pushi/vec4 12, 0, 4;
    %cmp/u;
    %jmp/1 T_0.12, 6;
    %dup/vec4;
    %pushi/vec4 13, 0, 4;
    %cmp/u;
    %jmp/1 T_0.13, 6;
    %dup/vec4;
    %pushi/vec4 14, 0, 4;
    %cmp/u;
    %jmp/1 T_0.14, 6;
    %dup/vec4;
    %pushi/vec4 15, 0, 4;
    %cmp/u;
    %jmp/1 T_0.15, 6;
    %jmp T_0.16;
T_0.0 ;
    %pushi/vec4 0, 0, 1;
    %assign/vec4 v00000258d7582e40_0, 0;
    %jmp T_0.16;
T_0.1 ;
    %pushi/vec4 0, 0, 1;
    %assign/vec4 v00000258d7582e40_0, 0;
    %jmp T_0.16;
T_0.2 ;
    %pushi/vec4 0, 0, 1;
    %assign/vec4 v00000258d7582e40_0, 0;
    %jmp T_0.16;
T_0.3 ;
    %pushi/vec4 0, 0, 1;
    %assign/vec4 v00000258d7582e40_0, 0;
    %jmp T_0.16;
T_0.4 ;
    %pushi/vec4 0, 0, 1;
    %assign/vec4 v00000258d7582e40_0, 0;
    %jmp T_0.16;
T_0.5 ;
    %pushi/vec4 0, 0, 1;
    %assign/vec4 v00000258d7582e40_0, 0;
    %jmp T_0.16;
T_0.6 ;
    %pushi/vec4 0, 0, 1;
    %assign/vec4 v00000258d7582e40_0, 0;
    %jmp T_0.16;
T_0.7 ;
    %pushi/vec4 0, 0, 1;
    %assign/vec4 v00000258d7582e40_0, 0;
    %jmp T_0.16;
T_0.8 ;
    %pushi/vec4 0, 0, 1;
    %assign/vec4 v00000258d7582e40_0, 0;
    %jmp T_0.16;
T_0.9 ;
    %pushi/vec4 0, 0, 1;
    %assign/vec4 v00000258d7582e40_0, 0;
    %jmp T_0.16;
T_0.10 ;
    %pushi/vec4 0, 0, 1;
    %assign/vec4 v00000258d7582e40_0, 0;
    %jmp T_0.16;
T_0.11 ;
    %pushi/vec4 0, 0, 1;
    %assign/vec4 v00000258d7582e40_0, 0;
    %jmp T_0.16;
T_0.12 ;
    %pushi/vec4 0, 0, 1;
    %assign/vec4 v00000258d7582e40_0, 0;
    %jmp T_0.16;
T_0.13 ;
    %pushi/vec4 0, 0, 1;
    %assign/vec4 v00000258d7582e40_0, 0;
    %jmp T_0.16;
T_0.14 ;
    %pushi/vec4 0, 0, 1;
    %assign/vec4 v00000258d7582e40_0, 0;
    %jmp T_0.16;
T_0.15 ;
    %pushi/vec4 1, 0, 1;
    %assign/vec4 v00000258d7582e40_0, 0;
    %jmp T_0.16;
T_0.16 ;
    %pop/vec4 1;
    %jmp T_0;
    .thread T_0, $push;
    .scope S_00000258d75b6b40;
T_1 ;
    %pushi/vec4 0, 0, 4;
    %store/vec4 v00000258d75b6f00_0, 0, 4;
    %pushi/vec4 15, 0, 32;
T_1.0 %dup/vec4;
    %pushi/vec4 0, 0, 32;
    %cmp/s;
    %jmp/1xz T_1.1, 5;
    %jmp/1 T_1.1, 4;
    %pushi/vec4 1, 0, 32;
    %sub;
    %delay 10, 0;
    %load/vec4 v00000258d75b6f00_0;
    %addi 1, 0, 4;
    %store/vec4 v00000258d75b6f00_0, 0, 4;
    %jmp T_1.0;
T_1.1 ;
    %pop/vec4 1;
    %end;
    .thread T_1;
    .scope S_00000258d75b6b40;
T_2 ;
    %delay 160, 0;
    %vpi_call 2 28 "$finish" {0 0 0};
    %end;
    .thread T_2;
    .scope S_00000258d75b6b40;
T_3 ;
    %vpi_call 2 33 "$monitor", "x=%b y=%h", v00000258d75b6f00_0, v00000258d75b4950_0 {0 0 0};
    %end;
    .thread T_3;
    .scope S_00000258d75b6b40;
T_4 ;
    %vpi_call 2 37 "$dumpvars" {0 0 0};
    %end;
    .thread T_4;
# The file index is used to find the file name in the following table.
:file_names 4;
    "N/A";
    "<interactive>";
    "..\testbench.v";
    "..\..\lab7_2.v";
