#! /c/Source/iverilog-install/bin/vvp
:ivl_version "12.0 (devel)" "(s20150603-1539-g2693dd32b)";
:ivl_delay_selection "TYPICAL";
:vpi_time_precision - 9;
:vpi_module "C:\iverilog\lib\ivl\system.vpi";
:vpi_module "C:\iverilog\lib\ivl\vhdl_sys.vpi";
:vpi_module "C:\iverilog\lib\ivl\vhdl_textio.vpi";
:vpi_module "C:\iverilog\lib\ivl\v2005_math.vpi";
:vpi_module "C:\iverilog\lib\ivl\va_math.vpi";
S_0000015bbdee77e0 .scope module, "testbench" "testbench" 2 4;
 .timescale -9 -9;
v0000015bbdee3a80_0 .var "clk", 0 0;
v0000015bbdee3b20_0 .var "pop", 0 0;
v0000015bbdee3bc0_0 .var "push", 0 0;
v0000015bbdee3c60_0 .net "read_data", 7 0, v0000015bbdee3760_0;  1 drivers
v0000015bbdee3d00_0 .var "reset", 0 0;
v0000015bbdee3da0_0 .var "write_data", 7 0;
S_0000015bbdee7970 .scope module, "dut" "lab7_6" 2 17, 3 1 0, S_0000015bbdee77e0;
 .timescale -9 -9;
    .port_info 0 /INPUT 1 "clock";
    .port_info 1 /INPUT 1 "reset";
    .port_info 2 /INPUT 1 "push";
    .port_info 3 /INPUT 1 "pop";
    .port_info 4 /INPUT 8 "write_data";
    .port_info 5 /OUTPUT 8 "read_data";
P_0000015bbdeb30f0 .param/l "DATA_WIDTH" 0 3 3, +C4<00000000000000000000000000001000>;
P_0000015bbdeb3128 .param/l "STACK_SIZE" 0 3 3, +C4<00000000000000000000000000000100>;
L_0000015bbdee7100 .functor NOT 1, v0000015bbdee3a80_0, C4<0>, C4<0>, C4<0>;
v0000015bbdeb33d0_0 .net "clock", 0 0, v0000015bbdee3a80_0;  1 drivers
v0000015bbdeb2e40_0 .var/i "i", 31 0;
v0000015bbdee7b00_0 .net "pop", 0 0, v0000015bbdee3b20_0;  1 drivers
v0000015bbdee7ba0_0 .net "push", 0 0, v0000015bbdee3bc0_0;  1 drivers
v0000015bbdee3760_0 .var "read_data", 7 0;
v0000015bbdee3800_0 .net "reset", 0 0, v0000015bbdee3d00_0;  1 drivers
v0000015bbdee38a0 .array "stack", 3 0, 7 0;
v0000015bbdee3940_0 .net "w_clk", 0 0, L_0000015bbdee7100;  1 drivers
v0000015bbdee39e0_0 .net "write_data", 7 0, v0000015bbdee3da0_0;  1 drivers
E_0000015bbdd982a0 .event posedge, v0000015bbdee3940_0;
    .scope S_0000015bbdee7970;
T_0 ;
    %wait E_0000015bbdd982a0;
    %load/vec4 v0000015bbdee3800_0;
    %flag_set/vec4 8;
    %jmp/0xz  T_0.0, 8;
    %pushi/vec4 0, 0, 32;
    %store/vec4 v0000015bbdeb2e40_0, 0, 32;
T_0.2 ;
    %load/vec4 v0000015bbdeb2e40_0;
    %cmpi/s 4, 0, 32;
    %jmp/0xz T_0.3, 5;
    %pushi/vec4 0, 0, 8;
    %ix/getv/s 3, v0000015bbdeb2e40_0;
    %ix/load 4, 0, 0; Constant delay
    %assign/vec4/a/d v0000015bbdee38a0, 0, 4;
    %load/vec4 v0000015bbdeb2e40_0;
    %addi 1, 0, 32;
    %store/vec4 v0000015bbdeb2e40_0, 0, 32;
    %jmp T_0.2;
T_0.3 ;
    %jmp T_0.1;
T_0.0 ;
    %load/vec4 v0000015bbdee7ba0_0;
    %flag_set/vec4 8;
    %jmp/0xz  T_0.4, 8;
    %pushi/vec4 0, 0, 32;
    %store/vec4 v0000015bbdeb2e40_0, 0, 32;
T_0.6 ;
    %load/vec4 v0000015bbdeb2e40_0;
    %cmpi/s 3, 0, 32;
    %jmp/0xz T_0.7, 5;
    %ix/getv/s 4, v0000015bbdeb2e40_0;
    %load/vec4a v0000015bbdee38a0, 4;
    %load/vec4 v0000015bbdeb2e40_0;
    %addi 1, 0, 32;
    %ix/vec4/s 3;
    %ix/load 4, 0, 0; Constant delay
    %assign/vec4/a/d v0000015bbdee38a0, 0, 4;
    %load/vec4 v0000015bbdeb2e40_0;
    %addi 1, 0, 32;
    %store/vec4 v0000015bbdeb2e40_0, 0, 32;
    %jmp T_0.6;
T_0.7 ;
    %load/vec4 v0000015bbdee39e0_0;
    %ix/load 3, 0, 0;
    %flag_set/imm 4, 0;
    %ix/load 4, 0, 0; Constant delay
    %assign/vec4/a/d v0000015bbdee38a0, 0, 4;
    %jmp T_0.5;
T_0.4 ;
    %load/vec4 v0000015bbdee7b00_0;
    %flag_set/vec4 8;
    %jmp/0xz  T_0.8, 8;
    %pushi/vec4 0, 0, 32;
    %store/vec4 v0000015bbdeb2e40_0, 0, 32;
T_0.10 ;
    %load/vec4 v0000015bbdeb2e40_0;
    %cmpi/s 3, 0, 32;
    %jmp/0xz T_0.11, 5;
    %load/vec4 v0000015bbdeb2e40_0;
    %addi 1, 0, 32;
    %ix/vec4/s 4;
    %load/vec4a v0000015bbdee38a0, 4;
    %ix/getv/s 3, v0000015bbdeb2e40_0;
    %ix/load 4, 0, 0; Constant delay
    %assign/vec4/a/d v0000015bbdee38a0, 0, 4;
    %load/vec4 v0000015bbdeb2e40_0;
    %addi 1, 0, 32;
    %store/vec4 v0000015bbdeb2e40_0, 0, 32;
    %jmp T_0.10;
T_0.11 ;
    %pushi/vec4 0, 0, 8;
    %ix/load 3, 3, 0;
    %flag_set/imm 4, 0;
    %ix/load 4, 0, 0; Constant delay
    %assign/vec4/a/d v0000015bbdee38a0, 0, 4;
    %ix/load 4, 0, 0;
    %flag_set/imm 4, 0;
    %load/vec4a v0000015bbdee38a0, 4;
    %assign/vec4 v0000015bbdee3760_0, 0;
T_0.8 ;
T_0.5 ;
T_0.1 ;
    %jmp T_0;
    .thread T_0;
    .scope S_0000015bbdee77e0;
T_1 ;
    %pushi/vec4 1, 0, 1;
    %store/vec4 v0000015bbdee3a80_0, 0, 1;
    %pushi/vec4 1, 0, 1;
    %store/vec4 v0000015bbdee3d00_0, 0, 1;
    %pushi/vec4 1, 0, 1;
    %store/vec4 v0000015bbdee3bc0_0, 0, 1;
    %pushi/vec4 0, 0, 1;
    %store/vec4 v0000015bbdee3b20_0, 0, 1;
    %pushi/vec4 0, 0, 8;
    %store/vec4 v0000015bbdee3da0_0, 0, 8;
    %delay 20, 0;
    %pushi/vec4 1, 0, 8;
    %store/vec4 v0000015bbdee3da0_0, 0, 8;
    %delay 10, 0;
    %pushi/vec4 0, 0, 1;
    %store/vec4 v0000015bbdee3d00_0, 0, 1;
    %delay 10, 0;
    %pushi/vec4 2, 0, 8;
    %store/vec4 v0000015bbdee3da0_0, 0, 8;
    %delay 20, 0;
    %pushi/vec4 3, 0, 8;
    %store/vec4 v0000015bbdee3da0_0, 0, 8;
    %delay 20, 0;
    %pushi/vec4 4, 0, 8;
    %store/vec4 v0000015bbdee3da0_0, 0, 8;
    %delay 20, 0;
    %pushi/vec4 5, 0, 8;
    %store/vec4 v0000015bbdee3da0_0, 0, 8;
    %delay 20, 0;
    %pushi/vec4 6, 0, 8;
    %store/vec4 v0000015bbdee3da0_0, 0, 8;
    %pushi/vec4 0, 0, 1;
    %store/vec4 v0000015bbdee3bc0_0, 0, 1;
    %pushi/vec4 1, 0, 1;
    %store/vec4 v0000015bbdee3b20_0, 0, 1;
    %delay 20, 0;
    %pushi/vec4 7, 0, 8;
    %store/vec4 v0000015bbdee3da0_0, 0, 8;
    %delay 20, 0;
    %pushi/vec4 8, 0, 8;
    %store/vec4 v0000015bbdee3da0_0, 0, 8;
    %delay 20, 0;
    %pushi/vec4 9, 0, 8;
    %store/vec4 v0000015bbdee3da0_0, 0, 8;
    %delay 20, 0;
    %pushi/vec4 11, 0, 8;
    %store/vec4 v0000015bbdee3da0_0, 0, 8;
    %end;
    .thread T_1;
    .scope S_0000015bbdee77e0;
T_2 ;
    %delay 10, 0;
    %load/vec4 v0000015bbdee3a80_0;
    %inv;
    %store/vec4 v0000015bbdee3a80_0, 0, 1;
    %jmp T_2;
    .thread T_2;
    .scope S_0000015bbdee77e0;
T_3 ;
    %delay 220, 0;
    %vpi_call 2 60 "$finish" {0 0 0};
    %end;
    .thread T_3;
    .scope S_0000015bbdee77e0;
T_4 ;
    %vpi_call 2 65 "$monitor", "clk=%b reset=%b push=%b pop=%b write_data=%b read_data=%b", v0000015bbdee3a80_0, v0000015bbdee3d00_0, v0000015bbdee3bc0_0, v0000015bbdee3b20_0, v0000015bbdee3da0_0, v0000015bbdee3c60_0 {0 0 0};
    %end;
    .thread T_4;
    .scope S_0000015bbdee77e0;
T_5 ;
    %vpi_call 2 70 "$dumpvars" {0 0 0};
    %end;
    .thread T_5;
# The file index is used to find the file name in the following table.
:file_names 4;
    "N/A";
    "<interactive>";
    "..\testbench.v";
    "..\..\lab7_6.v";
