#! /c/Source/iverilog-install/bin/vvp
:ivl_version "12.0 (devel)" "(s20150603-1539-g2693dd32b)";
:ivl_delay_selection "TYPICAL";
:vpi_time_precision + 0;
:vpi_module "C:\iverilog\lib\ivl\system.vpi";
:vpi_module "C:\iverilog\lib\ivl\vhdl_sys.vpi";
:vpi_module "C:\iverilog\lib\ivl\vhdl_textio.vpi";
:vpi_module "C:\iverilog\lib\ivl\v2005_math.vpi";
:vpi_module "C:\iverilog\lib\ivl\va_math.vpi";
S_0000021d65fda740 .scope module, "piso_4bit_tb" "piso_4bit_tb" 2 1;
 .timescale 0 0;
P_0000021d65ef8330 .param/l "WIDTH" 0 2 2, +C4<00000000000000000000000000000100>;
v0000021d65fdcb70_0 .var "clk", 0 0;
v0000021d65fdaaa0_0 .var "data_in", 3 0;
v0000021d65fdab40_0 .net "data_out", 0 0, v0000021d65ec2d70_0;  1 drivers
v0000021d65fdabe0_0 .var "enable", 0 0;
v0000021d65fdac80_0 .var "reset", 0 0;
v0000021d65fdad20_0 .var "set_all_ones", 0 0;
S_0000021d65fdc800 .scope module, "dut" "piso_4bit" 2 11, 3 1 0, S_0000021d65fda740;
 .timescale 0 0;
    .port_info 0 /INPUT 1 "clk";
    .port_info 1 /INPUT 1 "reset";
    .port_info 2 /INPUT 4 "data_in";
    .port_info 3 /INPUT 1 "enable";
    .port_info 4 /INPUT 1 "set_all_ones";
    .port_info 5 /OUTPUT 1 "data_out";
P_0000021d65ef8370 .param/l "WIDTH" 0 3 1, +C4<00000000000000000000000000000100>;
v0000021d65ec3160_0 .net "clk", 0 0, v0000021d65fdcb70_0;  1 drivers
v0000021d65ec3380_0 .net "data_in", 3 0, v0000021d65fdaaa0_0;  1 drivers
v0000021d65ec2d70_0 .var "data_out", 0 0;
v0000021d65fdc990_0 .net "enable", 0 0, v0000021d65fdabe0_0;  1 drivers
v0000021d65fdca30_0 .net "reset", 0 0, v0000021d65fdac80_0;  1 drivers
v0000021d65fdcad0_0 .net "set_all_ones", 0 0, v0000021d65fdad20_0;  1 drivers
E_0000021d65ef83b0 .event posedge, v0000021d65fdca30_0, v0000021d65ec3160_0;
    .scope S_0000021d65fdc800;
T_0 ;
    %wait E_0000021d65ef83b0;
    %load/vec4 v0000021d65fdca30_0;
    %flag_set/vec4 8;
    %jmp/0xz  T_0.0, 8;
    %pushi/vec4 0, 0, 1;
    %assign/vec4 v0000021d65ec2d70_0, 0;
    %jmp T_0.1;
T_0.0 ;
    %load/vec4 v0000021d65fdc990_0;
    %flag_set/vec4 8;
    %jmp/0xz  T_0.2, 8;
    %load/vec4 v0000021d65fdcad0_0;
    %flag_set/vec4 8;
    %jmp/0xz  T_0.4, 8;
    %load/vec4 v0000021d65ec3380_0;
    %and/r;
    %assign/vec4 v0000021d65ec2d70_0, 0;
    %jmp T_0.5;
T_0.4 ;
    %load/vec4 v0000021d65ec3380_0;
    %parti/s 1, 0, 2;
    %assign/vec4 v0000021d65ec2d70_0, 0;
T_0.5 ;
T_0.2 ;
T_0.1 ;
    %jmp T_0;
    .thread T_0;
    .scope S_0000021d65fda740;
T_1 ;
    %delay 5, 0;
    %load/vec4 v0000021d65fdcb70_0;
    %inv;
    %store/vec4 v0000021d65fdcb70_0, 0, 1;
    %jmp T_1;
    .thread T_1;
    .scope S_0000021d65fda740;
T_2 ;
    %pushi/vec4 0, 0, 1;
    %store/vec4 v0000021d65fdcb70_0, 0, 1;
    %pushi/vec4 1, 0, 1;
    %store/vec4 v0000021d65fdac80_0, 0, 1;
    %pushi/vec4 0, 0, 4;
    %store/vec4 v0000021d65fdaaa0_0, 0, 4;
    %pushi/vec4 0, 0, 1;
    %store/vec4 v0000021d65fdabe0_0, 0, 1;
    %pushi/vec4 0, 0, 1;
    %store/vec4 v0000021d65fdad20_0, 0, 1;
    %delay 10, 0;
    %pushi/vec4 0, 0, 1;
    %store/vec4 v0000021d65fdac80_0, 0, 1;
    %delay 10, 0;
    %pushi/vec4 1, 0, 1;
    %store/vec4 v0000021d65fdabe0_0, 0, 1;
    %delay 10, 0;
    %pushi/vec4 10, 0, 4;
    %store/vec4 v0000021d65fdaaa0_0, 0, 4;
    %delay 10, 0;
    %pushi/vec4 1, 0, 1;
    %store/vec4 v0000021d65fdad20_0, 0, 1;
    %delay 10, 0;
    %pushi/vec4 0, 0, 1;
    %store/vec4 v0000021d65fdad20_0, 0, 1;
    %delay 10, 0;
    %pushi/vec4 0, 0, 1;
    %store/vec4 v0000021d65fdabe0_0, 0, 1;
    %delay 10, 0;
    %vpi_call 2 40 "$finish" {0 0 0};
    %end;
    .thread T_2;
    .scope S_0000021d65fda740;
T_3 ;
    %vpi_call 2 44 "$dumpfile", "dump.vcd" {0 0 0};
    %vpi_call 2 45 "$dumpvars", 32'sb00000000000000000000000000000000, S_0000021d65fda740 {0 0 0};
    %vpi_call 2 46 "$monitor", $time, "data_out = %b", v0000021d65fdab40_0 {0 0 0};
    %end;
    .thread T_3;
# The file index is used to find the file name in the following table.
:file_names 4;
    "N/A";
    "<interactive>";
    "..\PISO_tb.v";
    "..\PISO.v";
