#! /c/Source/iverilog-install/bin/vvp
:ivl_version "12.0 (devel)" "(s20150603-1539-g2693dd32b)";
:ivl_delay_selection "TYPICAL";
:vpi_time_precision + 0;
:vpi_module "C:\iverilog\lib\ivl\system.vpi";
:vpi_module "C:\iverilog\lib\ivl\vhdl_sys.vpi";
:vpi_module "C:\iverilog\lib\ivl\vhdl_textio.vpi";
:vpi_module "C:\iverilog\lib\ivl\v2005_math.vpi";
:vpi_module "C:\iverilog\lib\ivl\va_math.vpi";
S_000001b121fb73d0 .scope module, "testbench" "testbench" 2 1;
 .timescale 0 0;
P_000001b121e6a0c0 .param/l "WIDTH" 0 2 8, +C4<00000000000000000000000000001000>;
v000001b121fc6af0_0 .var "data_in", 7 0;
v000001b121fc6b90_0 .net "data_out", 7 0, v000001b121f92d70_0;  1 drivers
v000001b12200a020_0 .var "enable", 0 0;
v000001b12200a0c0_0 .var "load_all_ones", 0 0;
S_000001b121fc6820 .scope module, "dut" "pipo" 2 10, 3 1 0, S_000001b121fb73d0;
 .timescale 0 0;
    .port_info 0 /INPUT 8 "data_in";
    .port_info 1 /INPUT 1 "enable";
    .port_info 2 /INPUT 1 "load_all_ones";
    .port_info 3 /OUTPUT 8 "data_out";
P_000001b121e69d00 .param/l "WIDTH" 0 3 1, +C4<00000000000000000000000000001000>;
v000001b121f93370_0 .net "data_in", 7 0, v000001b121fc6af0_0;  1 drivers
v000001b121f92d70_0 .var "data_out", 7 0;
v000001b121fc69b0_0 .net "enable", 0 0, v000001b12200a020_0;  1 drivers
v000001b121fc6a50_0 .net "load_all_ones", 0 0, v000001b12200a0c0_0;  1 drivers
E_000001b121e69e80 .event posedge, v000001b121fc69b0_0;
    .scope S_000001b121fc6820;
T_0 ;
    %wait E_000001b121e69e80;
    %load/vec4 v000001b121fc6a50_0;
    %flag_set/vec4 8;
    %jmp/0xz  T_0.0, 8;
    %pushi/vec4 255, 0, 8;
    %assign/vec4 v000001b121f92d70_0, 0;
    %jmp T_0.1;
T_0.0 ;
    %load/vec4 v000001b121f93370_0;
    %assign/vec4 v000001b121f92d70_0, 0;
T_0.1 ;
    %jmp T_0;
    .thread T_0;
    .scope S_000001b121fb73d0;
T_1 ;
    %pushi/vec4 0, 0, 1;
    %store/vec4 v000001b12200a020_0, 0, 1;
    %pushi/vec4 0, 0, 1;
    %store/vec4 v000001b12200a0c0_0, 0, 1;
    %pushi/vec4 170, 0, 8;
    %store/vec4 v000001b121fc6af0_0, 0, 8;
    %delay 10, 0;
    %pushi/vec4 1, 0, 1;
    %store/vec4 v000001b12200a020_0, 0, 1;
    %pushi/vec4 0, 0, 1;
    %store/vec4 v000001b12200a0c0_0, 0, 1;
    %pushi/vec4 204, 0, 8;
    %store/vec4 v000001b121fc6af0_0, 0, 8;
    %delay 10, 0;
    %pushi/vec4 1, 0, 1;
    %store/vec4 v000001b12200a020_0, 0, 1;
    %pushi/vec4 1, 0, 1;
    %store/vec4 v000001b12200a0c0_0, 0, 1;
    %pushi/vec4 240, 0, 8;
    %store/vec4 v000001b121fc6af0_0, 0, 8;
    %delay 10, 0;
    %delay 10, 0;
    %vpi_call 2 37 "$finish" {0 0 0};
    %end;
    .thread T_1;
    .scope S_000001b121fb73d0;
T_2 ;
    %vpi_call 2 40 "$dumpfile", "dump.vcd" {0 0 0};
    %vpi_call 2 41 "$dumpvars", 32'sb00000000000000000000000000000000, S_000001b121fb73d0 {0 0 0};
    %vpi_call 2 42 "$monitor", $time, "data_out = %b", v000001b121fc6b90_0 {0 0 0};
    %end;
    .thread T_2;
# The file index is used to find the file name in the following table.
:file_names 4;
    "N/A";
    "<interactive>";
    "..\PIPO_tb.v";
    "..\PIPO.v";
