#! /c/Source/iverilog-install/bin/vvp
:ivl_version "12.0 (devel)" "(s20150603-1539-g2693dd32b)";
:ivl_delay_selection "TYPICAL";
:vpi_time_precision + 0;
:vpi_module "C:\iverilog\lib\ivl\system.vpi";
:vpi_module "C:\iverilog\lib\ivl\vhdl_sys.vpi";
:vpi_module "C:\iverilog\lib\ivl\vhdl_textio.vpi";
:vpi_module "C:\iverilog\lib\ivl\v2005_math.vpi";
:vpi_module "C:\iverilog\lib\ivl\va_math.vpi";
S_00000242120bd9c0 .scope module, "TB" "TB" 2 4;
 .timescale 0 0;
v0000024212263a20_0 .var "clk", 0 0;
v0000024212263ac0_0 .var "p_din", 3 0;
v0000024212264ab0_0 .net "p_dout", 3 0, v00000242120bdd80_0;  1 drivers
v0000024212263bb0_0 .var "rst_n", 0 0;
v0000024212263c50_0 .var "s_left_din", 0 0;
v0000024212264970_0 .net "s_left_dout", 0 0, L_0000024212263f70;  1 drivers
v00000242122645b0_0 .var "s_right_din", 0 0;
v0000024212263ed0_0 .net "s_right_dout", 0 0, L_0000024212264a10;  1 drivers
v00000242122648d0_0 .var "select", 1 0;
S_00000242120bdb50 .scope module, "usr" "universal_shift_reg" 2 12, 3 4 0, S_00000242120bd9c0;
 .timescale 0 0;
    .port_info 0 /INPUT 1 "clk";
    .port_info 1 /INPUT 1 "rst_n";
    .port_info 2 /INPUT 2 "select";
    .port_info 3 /INPUT 4 "p_din";
    .port_info 4 /INPUT 1 "s_left_din";
    .port_info 5 /INPUT 1 "s_right_din";
    .port_info 6 /OUTPUT 4 "p_dout";
    .port_info 7 /OUTPUT 1 "s_left_dout";
    .port_info 8 /OUTPUT 1 "s_right_dout";
v00000242120bdce0_0 .net "clk", 0 0, v0000024212263a20_0;  1 drivers
v0000024212232de0_0 .net "p_din", 3 0, v0000024212263ac0_0;  1 drivers
v00000242120bdd80_0 .var "p_dout", 3 0;
v00000242122580e0_0 .net "rst_n", 0 0, v0000024212263bb0_0;  1 drivers
v0000024212258180_0 .net "s_left_din", 0 0, v0000024212263c50_0;  1 drivers
v0000024212258220_0 .net "s_left_dout", 0 0, L_0000024212263f70;  alias, 1 drivers
v00000242122582c0_0 .net "s_right_din", 0 0, v00000242122645b0_0;  1 drivers
v0000024212258360_0 .net "s_right_dout", 0 0, L_0000024212264a10;  alias, 1 drivers
v0000024212258400_0 .net "select", 1 0, v00000242122648d0_0;  1 drivers
E_00000242120b8c70 .event posedge, v00000242120bdce0_0;
L_0000024212263f70 .part v00000242120bdd80_0, 0, 1;
L_0000024212264a10 .part v00000242120bdd80_0, 3, 1;
    .scope S_00000242120bdb50;
T_0 ;
    %wait E_00000242120b8c70;
    %load/vec4 v00000242122580e0_0;
    %nor/r;
    %flag_set/vec4 8;
    %jmp/0xz  T_0.0, 8;
    %pushi/vec4 0, 0, 4;
    %assign/vec4 v00000242120bdd80_0, 0;
    %jmp T_0.1;
T_0.0 ;
    %load/vec4 v0000024212258400_0;
    %dup/vec4;
    %pushi/vec4 1, 0, 2;
    %cmp/u;
    %jmp/1 T_0.2, 6;
    %dup/vec4;
    %pushi/vec4 2, 0, 2;
    %cmp/u;
    %jmp/1 T_0.3, 6;
    %dup/vec4;
    %pushi/vec4 3, 0, 2;
    %cmp/u;
    %jmp/1 T_0.4, 6;
    %load/vec4 v00000242120bdd80_0;
    %assign/vec4 v00000242120bdd80_0, 0;
    %jmp T_0.6;
T_0.2 ;
    %load/vec4 v00000242122582c0_0;
    %load/vec4 v00000242120bdd80_0;
    %parti/s 3, 1, 2;
    %concat/vec4; draw_concat_vec4
    %assign/vec4 v00000242120bdd80_0, 0;
    %jmp T_0.6;
T_0.3 ;
    %load/vec4 v00000242120bdd80_0;
    %parti/s 3, 0, 2;
    %load/vec4 v0000024212258180_0;
    %concat/vec4; draw_concat_vec4
    %assign/vec4 v00000242120bdd80_0, 0;
    %jmp T_0.6;
T_0.4 ;
    %load/vec4 v0000024212232de0_0;
    %assign/vec4 v00000242120bdd80_0, 0;
    %jmp T_0.6;
T_0.6 ;
    %pop/vec4 1;
T_0.1 ;
    %jmp T_0;
    .thread T_0;
    .scope S_00000242120bd9c0;
T_1 ;
    %delay 2, 0;
    %load/vec4 v0000024212263a20_0;
    %inv;
    %store/vec4 v0000024212263a20_0, 0, 1;
    %jmp T_1;
    .thread T_1;
    .scope S_00000242120bd9c0;
T_2 ;
    %vpi_call 2 16 "$monitor", "select=%b, p_din=%b, s_left_din=%b, s_right_din=%b --> p_dout = %b, s_left_dout = %b, s_right_dout = %b", v00000242122648d0_0, v0000024212263ac0_0, v0000024212263c50_0, v00000242122645b0_0, v0000024212264ab0_0, v0000024212264970_0, v0000024212263ed0_0 {0 0 0};
    %pushi/vec4 0, 0, 1;
    %store/vec4 v0000024212263a20_0, 0, 1;
    %pushi/vec4 0, 0, 1;
    %store/vec4 v0000024212263bb0_0, 0, 1;
    %delay 3, 0;
    %pushi/vec4 1, 0, 1;
    %store/vec4 v0000024212263bb0_0, 0, 1;
    %pushi/vec4 13, 0, 4;
    %store/vec4 v0000024212263ac0_0, 0, 4;
    %pushi/vec4 1, 0, 1;
    %store/vec4 v0000024212263c50_0, 0, 1;
    %pushi/vec4 0, 0, 1;
    %store/vec4 v00000242122645b0_0, 0, 1;
    %pushi/vec4 3, 0, 2;
    %store/vec4 v00000242122648d0_0, 0, 2;
    %delay 10, 0;
    %pushi/vec4 1, 0, 2;
    %store/vec4 v00000242122648d0_0, 0, 2;
    %delay 20, 0;
    %pushi/vec4 13, 0, 4;
    %store/vec4 v0000024212263ac0_0, 0, 4;
    %pushi/vec4 3, 0, 2;
    %store/vec4 v00000242122648d0_0, 0, 2;
    %delay 10, 0;
    %pushi/vec4 2, 0, 2;
    %store/vec4 v00000242122648d0_0, 0, 2;
    %delay 20, 0;
    %pushi/vec4 0, 0, 2;
    %store/vec4 v00000242122648d0_0, 0, 2;
    %delay 20, 0;
    %vpi_call 2 32 "$finish" {0 0 0};
    %end;
    .thread T_2;
    .scope S_00000242120bd9c0;
T_3 ;
    %vpi_call 2 36 "$dumpfile", "dump.vcd" {0 0 0};
    %vpi_call 2 36 "$dumpvars" {0 0 0};
    %end;
    .thread T_3;
# The file index is used to find the file name in the following table.
:file_names 4;
    "N/A";
    "<interactive>";
    "..\universal_shift_reg_tb.v";
    "..\universal_shift_reg.v";
