#! /c/Source/iverilog-install/bin/vvp
:ivl_version "12.0 (devel)" "(s20150603-1539-g2693dd32b)";
:ivl_delay_selection "TYPICAL";
:vpi_time_precision - 12;
:vpi_module "C:\iverilog\lib\ivl\system.vpi";
:vpi_module "C:\iverilog\lib\ivl\vhdl_sys.vpi";
:vpi_module "C:\iverilog\lib\ivl\vhdl_textio.vpi";
:vpi_module "C:\iverilog\lib\ivl\v2005_math.vpi";
:vpi_module "C:\iverilog\lib\ivl\va_math.vpi";
S_0000023da4788b40 .scope module, "siso_tb" "siso_tb" 2 2;
 .timescale -9 -12;
v0000023da47de590_0 .var "b", 0 0;
v0000023da47deef0_0 .var "clk", 0 0;
v0000023da47deb30_0 .net "q", 0 0, v0000023da4794f40_0;  1 drivers
S_0000023da4788cd0 .scope module, "uut" "SISO" 2 7, 3 2 0, S_0000023da4788b40;
 .timescale -9 -12;
    .port_info 0 /INPUT 1 "clk";
    .port_info 1 /INPUT 1 "b";
    .port_info 2 /OUTPUT 1 "q";
v0000023da47de450_0 .net "b", 0 0, v0000023da47de590_0;  1 drivers
v0000023da47dec70_0 .net "clk", 0 0, v0000023da47deef0_0;  1 drivers
v0000023da47de950_0 .net "q", 0 0, v0000023da4794f40_0;  alias, 1 drivers
v0000023da47de810_0 .net "w1", 0 0, v0000023da472d1f0_0;  1 drivers
v0000023da47de9f0_0 .net "w2", 0 0, v0000023da4762ad0_0;  1 drivers
v0000023da47de4f0_0 .net "w3", 0 0, v0000023da4794b30_0;  1 drivers
S_0000023da472d060 .scope module, "dut1" "d_ff" 3 5, 3 36 0, S_0000023da4788cd0;
 .timescale -9 -12;
    .port_info 0 /INPUT 1 "clk";
    .port_info 1 /INPUT 1 "d";
    .port_info 2 /INPUT 1 "rst";
    .port_info 3 /OUTPUT 1 "q";
v0000023da4762ff0_0 .net "clk", 0 0, v0000023da47deef0_0;  alias, 1 drivers
v0000023da4788e60_0 .net "d", 0 0, v0000023da47de590_0;  alias, 1 drivers
v0000023da472d1f0_0 .var "q", 0 0;
o0000023da4798028 .functor BUFZ 1, C4<z>; HiZ drive
v0000023da472d290_0 .net "rst", 0 0, o0000023da4798028;  0 drivers
E_0000023da4785ec0 .event posedge, v0000023da4762ff0_0;
S_0000023da472d330 .scope module, "dut2" "d_ff" 3 12, 3 36 0, S_0000023da4788cd0;
 .timescale -9 -12;
    .port_info 0 /INPUT 1 "clk";
    .port_info 1 /INPUT 1 "d";
    .port_info 2 /INPUT 1 "rst";
    .port_info 3 /OUTPUT 1 "q";
v0000023da4762990_0 .net "clk", 0 0, v0000023da47deef0_0;  alias, 1 drivers
v0000023da4762a30_0 .net "d", 0 0, v0000023da472d1f0_0;  alias, 1 drivers
v0000023da4762ad0_0 .var "q", 0 0;
o0000023da4798148 .functor BUFZ 1, C4<z>; HiZ drive
v0000023da4762b70_0 .net "rst", 0 0, o0000023da4798148;  0 drivers
S_0000023da4762c10 .scope module, "dut3" "d_ff" 3 19, 3 36 0, S_0000023da4788cd0;
 .timescale -9 -12;
    .port_info 0 /INPUT 1 "clk";
    .port_info 1 /INPUT 1 "d";
    .port_info 2 /INPUT 1 "rst";
    .port_info 3 /OUTPUT 1 "q";
v0000023da47949f0_0 .net "clk", 0 0, v0000023da47deef0_0;  alias, 1 drivers
v0000023da4794a90_0 .net "d", 0 0, v0000023da4762ad0_0;  alias, 1 drivers
v0000023da4794b30_0 .var "q", 0 0;
o0000023da4798268 .functor BUFZ 1, C4<z>; HiZ drive
v0000023da4794bd0_0 .net "rst", 0 0, o0000023da4798268;  0 drivers
S_0000023da4794c70 .scope module, "dut4" "d_ff" 3 26, 3 36 0, S_0000023da4788cd0;
 .timescale -9 -12;
    .port_info 0 /INPUT 1 "clk";
    .port_info 1 /INPUT 1 "d";
    .port_info 2 /INPUT 1 "rst";
    .port_info 3 /OUTPUT 1 "q";
v0000023da4794e00_0 .net "clk", 0 0, v0000023da47deef0_0;  alias, 1 drivers
v0000023da4794ea0_0 .net "d", 0 0, v0000023da4794b30_0;  alias, 1 drivers
v0000023da4794f40_0 .var "q", 0 0;
o0000023da4798388 .functor BUFZ 1, C4<z>; HiZ drive
v0000023da47de040_0 .net "rst", 0 0, o0000023da4798388;  0 drivers
    .scope S_0000023da472d060;
T_0 ;
    %wait E_0000023da4785ec0;
    %load/vec4 v0000023da472d290_0;
    %flag_set/vec4 8;
    %jmp/0xz  T_0.0, 8;
    %pushi/vec4 0, 0, 1;
    %assign/vec4 v0000023da472d1f0_0, 0;
    %jmp T_0.1;
T_0.0 ;
    %load/vec4 v0000023da4788e60_0;
    %assign/vec4 v0000023da472d1f0_0, 0;
T_0.1 ;
    %jmp T_0;
    .thread T_0;
    .scope S_0000023da472d330;
T_1 ;
    %wait E_0000023da4785ec0;
    %load/vec4 v0000023da4762b70_0;
    %flag_set/vec4 8;
    %jmp/0xz  T_1.0, 8;
    %pushi/vec4 0, 0, 1;
    %assign/vec4 v0000023da4762ad0_0, 0;
    %jmp T_1.1;
T_1.0 ;
    %load/vec4 v0000023da4762a30_0;
    %assign/vec4 v0000023da4762ad0_0, 0;
T_1.1 ;
    %jmp T_1;
    .thread T_1;
    .scope S_0000023da4762c10;
T_2 ;
    %wait E_0000023da4785ec0;
    %load/vec4 v0000023da4794bd0_0;
    %flag_set/vec4 8;
    %jmp/0xz  T_2.0, 8;
    %pushi/vec4 0, 0, 1;
    %assign/vec4 v0000023da4794b30_0, 0;
    %jmp T_2.1;
T_2.0 ;
    %load/vec4 v0000023da4794a90_0;
    %assign/vec4 v0000023da4794b30_0, 0;
T_2.1 ;
    %jmp T_2;
    .thread T_2;
    .scope S_0000023da4794c70;
T_3 ;
    %wait E_0000023da4785ec0;
    %load/vec4 v0000023da47de040_0;
    %flag_set/vec4 8;
    %jmp/0xz  T_3.0, 8;
    %pushi/vec4 0, 0, 1;
    %assign/vec4 v0000023da4794f40_0, 0;
    %jmp T_3.1;
T_3.0 ;
    %load/vec4 v0000023da4794ea0_0;
    %assign/vec4 v0000023da4794f40_0, 0;
T_3.1 ;
    %jmp T_3;
    .thread T_3;
    .scope S_0000023da4788b40;
T_4 ;
    %pushi/vec4 0, 0, 1;
    %store/vec4 v0000023da47deef0_0, 0, 1;
T_4.0 ;
    %delay 5000, 0;
    %load/vec4 v0000023da47deef0_0;
    %inv;
    %store/vec4 v0000023da47deef0_0, 0, 1;
    %jmp T_4.0;
    %end;
    .thread T_4;
    .scope S_0000023da4788b40;
T_5 ;
    %vpi_call 2 17 "$monitor", "clk=%d,b=%d,q=%d", v0000023da47deef0_0, v0000023da47de590_0, v0000023da47deb30_0 {0 0 0};
    %end;
    .thread T_5;
    .scope S_0000023da4788b40;
T_6 ;
    %pushi/vec4 1, 0, 1;
    %store/vec4 v0000023da47de590_0, 0, 1;
    %delay 10000, 0;
    %pushi/vec4 1, 0, 1;
    %store/vec4 v0000023da47de590_0, 0, 1;
    %delay 10000, 0;
    %pushi/vec4 1, 0, 1;
    %store/vec4 v0000023da47de590_0, 0, 1;
    %delay 10000, 0;
    %pushi/vec4 0, 0, 1;
    %store/vec4 v0000023da47de590_0, 0, 1;
    %delay 50000, 0;
    %vpi_call 2 31 "$finish" {0 0 0};
    %end;
    .thread T_6;
# The file index is used to find the file name in the following table.
:file_names 4;
    "N/A";
    "<interactive>";
    "..\SISO_tb.v";
    "..\SISO.v";
